/home/ildar/diplom/graphmatching/data/inst_lid_rid.csv
IGRAPH UN-- 20794 240414 -- 
+ attr: name (v)
/home/ildar/diplom/graphmatching/data/vk_lid_rid.csv
IGRAPH UN-- 24800 463468 -- 
+ attr: name (v)
[(4856, 211), (17821, 14207), (728, 4503), (19346, 5490), (9738, 15031), (7012, 22170), (18317, 4617), (719, 865), (4836, 21639), (737, 7749), (7503, 7032), (5556, 1497), (10459, 5466), (3082, 14701), (6515, 19609), (8207, 8329), (4038, 5885), (3614, 11561), (8276, 4779), (5660, 13876), (18452, 12327), (13500, 23873), (15910, 22708), (7651, 9575), (9833, 17058), (6648, 11357), (4589, 9004), (15983, 2518), (1292, 24490), (11597, 135), (11614, 24216), (12072, 17402), (8159, 4155), (8894, 12881), (7848, 5916), (13379, 23358), (16757, 18176), (9516, 7289), (810, 8605), (2720, 4522), (5128, 11542), (20727, 19851), (17890, 14808), (20321, 20686), (8497, 18965), (17915, 19841), (20462, 8044), (1746, 20681), (760, 24019), (7878, 22428), (3975, 2527), (13629, 18323), (10397, 7257), (9767, 226), (12298, 22473), (11928, 7532), (1566, 5836), (15204, 9328), (13430, 6541), (18544, 11250), (4847, 24432), (2263, 3311), (9663, 21037), (6534, 970), (6493, 1999), (4660, 20089), (11967, 2760), (17184, 6916), (1597, 19304), (8332, 20391), (2634, 7920), (2464, 7764), (13170, 7974), (16756, 11698), (16411, 22285), (2049, 12669), (12550, 4033), (11773, 3817), (2574, 2437), (18945, 10806), (20323, 17817), (7042, 4228), (11957, 13246), (853, 18767), (8634, 10938), (17909, 21250), (15234, 4644), (13703, 12534), (14044, 19535), (7351, 2092), (8565, 22468), (13697, 6408), (1048, 383), (16459, 11088), (1834, 11422), (18322, 8554), (8298, 17078), (13316, 17838), (16641, 14773), (3056, 22377), (2893, 21896), (8694, 24767), (12270, 14777), (10751, 20369), (3240, 2314), (17173, 814), (16612, 16168), (13715, 13535), (3084, 12348), (5501, 11354), (15604, 4678), (18914, 8620), (4939, 5799), (208, 23331), (12033, 17744), (17181, 16342), (16913, 18764), (17300, 3951), (9329, 19695), (9902, 22320), (20497, 19424), (9320, 7935), (9422, 18261), (2840, 5688), (1135, 17096), (13273, 15992), (14313, 2723), (15928, 5650), (3435, 1363), (2599, 586), (10579, 7899), (8307, 93), (4130, 12355), (12364, 21706), (13486, 15424), (11033, 18207), (17263, 24131), (18389, 16819), (4630, 4876), (5397, 3303), (3224, 4065), (361, 7937), (3339, 6776), (7391, 23890), (12542, 12576), (10040, 17346), (7607, 4438), (7114, 8847), (14175, 14044), (11040, 3977), (1910, 57), (762, 14724), (13853, 8023), (2615, 8325), (1963, 21538), (16681, 12645), (2037, 9434), (6454, 22776), (7598, 2875), (961, 6156), (12954, 11040), (16725, 16892), (10326, 18247), (8383, 21443), (20663, 3168), (17956, 6155), (2483, 23883), (20526, 13881), (1191, 1991), (8941, 20632), (14290, 12464), (11351, 13844), (15146, 24688), (8687, 23093), (20746, 18321), (4152, 19378), (1952, 2974), (10044, 14612), (16494, 16887), (18367, 9740), (20379, 15282), (3034, 23402), (19031, 807), (1746, 20681), (18097, 5186), (11844, 1753), (4089, 6826), (9969, 5763), (20530, 3750), (16447, 4279), (7271, 16698), (20703, 20705), (3579, 22904), (19746, 16402), (5510, 20066), (16825, 11817), (19966, 14468), (4103, 13412), (2716, 2786), (6030, 18498), (10022, 19613), (11619, 5273), (4810, 1813), (12032, 23282), (2385, 3857), (8701, 1061), (869, 13055), (6733, 12985), (18428, 16548), (6479, 2683), (8240, 13218), (14791, 21925), (12633, 7023), (19588, 16783), (89, 1936), (2741, 11307), (17018, 21063), (20279, 9175), (8260, 21726), (11351, 13844), (9383, 21701), (18691, 9160), (5527, 24368), (7101, 1075), (7641, 3997), (8849, 20387), (5119, 12045), (13814, 340), (18238, 9374), (4063, 24034), (11292, 17833), (7984, 7402), (14208, 20534), (15641, 7598), (4534, 3056), (3087, 11482), (14404, 20276), (5371, 2791), (2191, 24394), (5024, 9259), (15229, 5726), (7838, 1822), (9153, 15767), (7181, 15919), (15025, 4632), (1480, 19415), (10331, 14989), (8296, 3354), (12007, 9229), (20317, 21788), (9747, 9088), (8869, 20027), (10122, 2995), (20570, 18267), (20019, 5312), (6265, 2867), (3887, 3467), (17264, 8946), (6547, 12041), (11142, 18725), (16032, 9972), (20226, 11108), (11116, 23821), (1207, 1770), (11092, 8391), (9121, 9317), (13800, 7125), (10130, 8776), (19149, 18023), (10381, 8036), (354, 543), (13699, 21770), (2215, 9014), (20068, 17088), (4526, 24090), (11142, 18725), (6504, 23606), (11882, 12530), (9838, 23194), (12685, 12907), (20033, 11803), (61, 1797), (12092, 2169), (13583, 14466), (933, 11074), (13335, 24018), (1231, 13929), (13620, 6639), (5895, 12136), (15605, 4622), (15017, 3680), (12190, 21284), (13112, 14052), (2709, 4803), (18223, 2419), (5383, 10561), (20313, 18594), (15392, 22391), (12076, 6250), (18107, 16841), (11672, 18228), (8694, 24767), (12516, 24703), (9223, 2977), (6069, 3932), (9446, 2726), (7136, 6438), (1227, 21323), (13868, 12532), (7065, 1714), (10786, 6274), (18822, 16290), (4188, 14596), (9839, 19700), (14116, 5444), (10946, 8271), (3737, 23902), (12754, 12960), (2296, 20540), (19448, 18551), (9185, 6991), (10842, 16452), (9549, 10863), (14658, 1195), (6583, 15017), (449, 24183), (15053, 13274), (20289, 10467), (17536, 18170), (8634, 10938), (9528, 7122), (3852, 24466), (18648, 10130), (9375, 19897), (4708, 5989), (10361, 9946), (6212, 11317), (4509, 1151), (13909, 7825), (10991, 5947), (13110, 14048), (1283, 9100), (6901, 6508), (16561, 11745), (18703, 17610), (13323, 13279), (6014, 2988), (12151, 24340), (3124, 12651), (17416, 7206), (1185, 14218), (10382, 8206), (6400, 13509), (7440, 6701), (16367, 20046), (545, 388), (8302, 12809), (1593, 22355), (12739, 17366), (3216, 2858), (10137, 13399), (381, 16638), (17729, 16989), (20701, 18861), (5200, 7059), (13264, 22693), (10701, 1434), (14507, 9066), (15157, 4932), (12259, 9739), (9017, 16641), (5926, 5141), (1425, 3770), (1473, 23554), (15930, 14832), (15553, 11686), (8269, 6507), (440, 13289), (7787, 18709), (19226, 12427), (4126, 19312), (489, 17492), (2246, 21881), (3548, 133), (6538, 22445), (4417, 7096), (7570, 6422), (20726, 19597), (1393, 2030), (20628, 23577), (16337, 9553), (19463, 4495), (13995, 11697), (15859, 11512), (11502, 7658), (2500, 14), (12087, 14040), (19555, 7967), (10352, 3493), (4914, 1045), (18111, 23961), (10649, 176), (3052, 9161), (14363, 9648), (4586, 8739), (5154, 437), (13911, 19032), (16576, 22621), (15420, 16599), (13121, 3965), (16930, 17961), (150, 3901), (4248, 12169), (2778, 458), (2249, 1465), (193, 4017), (12992, 18192), (4177, 1646), (7955, 5487), (10491, 879), (16798, 17909), (16972, 17104), (3781, 22495), (16237, 6919), (15148, 9983), (2671, 2864), (18917, 21314), (16385, 14678), (10678, 8807), (18910, 15397), (16688, 11320), (9504, 16127), (4161, 7368), (7298, 10339), (4639, 22383), (10044, 14612), (1869, 21738), (14341, 9849), (20719, 18312), (16211, 23328), (8536, 5837), (4299, 2983), (12540, 24284), (155, 20584), (11694, 6634), (11201, 18310), (12236, 18538), (15087, 10184), (1865, 21771), (2563, 18791), (9792, 7204), (7483, 20243), (12315, 16795), (10624, 3102), (19167, 16389), (18872, 16667), (13446, 15412), (6684, 2930), (2193, 8374), (9279, 1015), (15654, 7614), (812, 4974), (15688, 17635), (20751, 18277), (13278, 18805), (15131, 863), (5443, 15194), (5899, 14115), (6086, 21198), (882, 17703), (3303, 7113), (8209, 17932), (4091, 6479), (8139, 19058), (3592, 11302), (11726, 21188), (13848, 11002), (6218, 11848), (7946, 16110), (2229, 21375), (3440, 4885), (11761, 5476), (2699, 265), (2176, 17264), (18896, 16125), (8030, 24088), (8163, 5470), (15015, 10413), (20701, 18861), (1741, 20003), (4799, 7806), (5156, 10188), (20271, 17719), (2210, 2363), (11672, 18228), (3920, 5831), (5403, 14192), (346, 4855), (6002, 3309), (14324, 4948), (1134, 19979), (7777, 23403), (17844, 12256), (13324, 10029), (19072, 19159), (14907, 9514), (8254, 2664), (534, 3437), (18403, 18530), (4583, 11897), (10895, 12352), (564, 19436), (7966, 8703), (11181, 11546), (15411, 9252), (7568, 14308), (20496, 12123), (1852, 21004), (19201, 14779), (16083, 11222), (19412, 1291), (13829, 20169), (19679, 21906), (12342, 855), (7427, 11815), (9656, 4788), (3157, 2242), (15838, 14781), (13652, 10760), (7313, 12766), (4021, 7167), (47, 780), (19526, 11993), (7267, 24007), (7257, 5119), (10084, 5623), (9853, 5283), (13661, 20790), (14948, 11552), (1822, 13914), (15602, 2084), (17410, 5971), (17138, 4873), (20789, 15278), (8729, 4570), (5032, 8586), (2553, 3928), (18360, 9555), (13802, 6259), (16541, 21903), (20056, 1880), (17167, 16421), (6196, 3133), (10601, 24200), (4504, 21746), (11136, 5876), (8008, 8388), (444, 21240), (1581, 19749), (3652, 18632), (20646, 8470), (6991, 9071), (14997, 10638), (410, 6049), (12071, 2921), (15122, 8956), (3051, 3248), (2827, 20449), (477, 18924), (8612, 18086), (12685, 12907), (11960, 13247), (11058, 22970), (5212, 18479), (8068, 22553), (9364, 18704), (8484, 21430), (20502, 22365), (6798, 13567), (11969, 6024), (8247, 2644), (19809, 17941), (20270, 16781), (16246, 14059), (13074, 8117), (8387, 21394), (20019, 5312), (16854, 18140), (3595, 8867), (20318, 17676), (7391, 23890), (8905, 460), (633, 20561), (5636, 19183), (12351, 14378), (6785, 15077), (18460, 24039), (13578, 9009), (15759, 3859), (6509, 13340), (9739, 5199), (18103, 13530), (5429, 21541), (19803, 17554), (20578, 18132), (9069, 8816), (15853, 5941), (2137, 2766), (16722, 160), (12515, 13531), (963, 2086), (10979, 21113), (12503, 18878), (6616, 1355), (16141, 5322), (10438, 903), (18817, 12826), (18363, 5912), (7679, 5055), (6510, 21722), (8677, 3919), (2918, 15524), (4329, 12447), (17841, 15546), (3054, 17757), (3262, 14976), (15942, 18224), (18042, 14660), (4146, 7337), (3096, 8770), (18232, 9272), (5100, 5754), (4410, 645), (15053, 13274), (16555, 5864), (16690, 19245), (3810, 13100), (9319, 1989), (9952, 15057), (11468, 2891), (15463, 17062), (4791, 3787), (7716, 23058), (3823, 22146), (8761, 10563), (6649, 12475), (758, 6081), (13502, 23275), (19182, 13097), (762, 14724)]
Standard algorithm is selected
Read Graphs time: 0.0004382133483886719
Iter num: 1
seed size = 650
Seed are expanded
Correct = 646, Wrong = 154
Correct = 651, Wrong = 549
Correct = 669, Wrong = 931
Correct = 685, Wrong = 1315
Correct = 695, Wrong = 1705
Correct = 714, Wrong = 2086
Correct = 745, Wrong = 2455
Correct = 769, Wrong = 2831
Correct = 792, Wrong = 3208
Correct = 803, Wrong = 3597
Correct = 821, Wrong = 3979
Correct = 842, Wrong = 4358
Correct = 860, Wrong = 4740
In progress... (6230804)
[5000] select the unmatched pair [7269,20197]
score map size = 21191399
Correct = 883, Wrong = 5117
Correct = 902, Wrong = 5498
Correct = 907, Wrong = 5893
Correct = 930, Wrong = 6270
Correct = 935, Wrong = 6665
Correct = 983, Wrong = 7017
Correct = 1003, Wrong = 7397
Correct = 1014, Wrong = 7786
Correct = 1030, Wrong = 8170
Correct = 1042, Wrong = 8558
Correct = 1050, Wrong = 8950
Correct = 1059, Wrong = 9341
In progress... (35)
[10000] select the unmatched pair [18736,5990]
score map size = 21413673
Finish with inactive_pairs
Extended seed size:  264278
Iter num: 2
seed size = 264278
Seed are expanded
Correct = 1065, Wrong = 9735
Correct = 1070, Wrong = 10130
Correct = 1072, Wrong = 10528
Correct = 1075, Wrong = 10925
Correct = 1079, Wrong = 11321
Correct = 1082, Wrong = 11718
Correct = 1086, Wrong = 12114
Correct = 1090, Wrong = 12510
Correct = 1095, Wrong = 12905
Correct = 1096, Wrong = 13304
Correct = 1097, Wrong = 13703
Finish with inactive_pairs
Extended seed size:  2139
Iter num: 3
seed size = 2139
Seed are expanded
Finish with inactive_pairs
Extended seed size:  2
Iter num: 4
seed size = 2
Seed are expanded
Finish with inactive_pairs
Extended seed size:  0
Execution time: 325.0865001678467
------RESULT-------
	for lN = 20794, rN = 24800, |seed_0| = 650
	MATCHED =  14900
		CORRECT = 1097; WRONG = 13803
	Recall = 0.052756
	Precision = 0.073624
	F1-score = 0.061467
