/home/ildar/diplom/graphmatching/data/inst_lid_rid.csv
IGRAPH UN-- 20794 240414 -- 
+ attr: name (v)
/home/ildar/diplom/graphmatching/data/vk_lid_rid.csv
IGRAPH UN-- 24800 463468 -- 
+ attr: name (v)
[(5916, 21645), (5711, 5120), (18748, 18743), (7458, 20184), (14654, 16417), (9534, 709), (20751, 18277), (9585, 11299), (664, 24763), (2805, 13572), (3250, 141), (6202, 1633), (11141, 13088), (18823, 22568), (14114, 24428), (10087, 4300), (1619, 795), (17437, 16448), (3846, 3088), (6907, 10882), (3306, 20029), (17772, 22052), (15687, 17400), (13298, 1308), (9074, 13782), (13678, 4588), (5597, 11038), (519, 11557), (14716, 19201), (8370, 9153), (5875, 11086), (893, 23493), (18292, 16212), (6671, 13432), (19043, 18873), (6456, 20017), (8594, 2167), (7066, 1706), (4009, 24297), (3926, 18908), (14405, 16393), (9560, 13955), (17052, 484), (3002, 2669), (5916, 21645), (20529, 2629), (13111, 14046), (1624, 1937), (4221, 23125), (10294, 8665), (14155, 18572), (8927, 5028), (14089, 11150), (14934, 14934), (4928, 13128), (13221, 8331), (3003, 749), (86, 5067), (9539, 10518), (7711, 9811), (14870, 2183), (132, 336), (12770, 16240), (12980, 22916), (6985, 17904), (1325, 9639), (5125, 19359), (8105, 9889), (5462, 13000), (10697, 3675), (19765, 18398), (286, 18363), (12973, 23495), (14601, 19617), (9947, 20480), (3733, 12687), (5206, 20277), (8753, 22054), (1913, 9909), (2562, 490), (17823, 24120), (19327, 4102), (20175, 15817), (19880, 9215), (12925, 20252), (2050, 18120), (4462, 20565), (10925, 84), (2894, 5292), (20065, 12259), (4067, 5905), (10114, 8896), (5812, 781), (14444, 15033), (17146, 18865), (18995, 6526), (5228, 22034), (16811, 10372), (12953, 19483), (9793, 8663), (14919, 2021), (18436, 10138), (2657, 11928), (17825, 16405), (19521, 7667), (2080, 22207), (10015, 21000), (3471, 23724), (12842, 18493), (19672, 18557), (20092, 23336), (17580, 3870), (11103, 9352), (4900, 2483), (6663, 2879), (9939, 905), (14054, 10983), (16289, 18668), (10378, 10591), (16887, 9470)]
Standard algorithm is selected
Read Graphs time: 0.0001914501190185547
Iter num: 1
seed size = 120
Seed are expanded
Correct = 123, Wrong = 277
Correct = 124, Wrong = 676
Correct = 124, Wrong = 1076
Correct = 124, Wrong = 1476
Correct = 125, Wrong = 1875
Correct = 125, Wrong = 2275
Correct = 127, Wrong = 2673
Correct = 127, Wrong = 3073
Correct = 128, Wrong = 3472
Correct = 130, Wrong = 3870
Correct = 130, Wrong = 4270
Correct = 131, Wrong = 4669
In progress... (6036331)
[5000] select the unmatched pair [4321,9348]
score map size = 21369690
Correct = 131, Wrong = 5069
Correct = 132, Wrong = 5468
Correct = 132, Wrong = 5868
Correct = 132, Wrong = 6268
Correct = 132, Wrong = 6668
Correct = 133, Wrong = 7067
Correct = 134, Wrong = 7466
Correct = 134, Wrong = 7866
Correct = 135, Wrong = 8265
Correct = 135, Wrong = 8665
Correct = 135, Wrong = 9065
Correct = 135, Wrong = 9465
Finish with inactive_pairs
Extended seed size:  316737
Iter num: 2
seed size = 316737
Seed are expanded
Correct = 135, Wrong = 9865
In progress... (819194)
[10000] select the unmatched pair [5638,3381]
score map size = 24160264
Correct = 135, Wrong = 10265
Correct = 135, Wrong = 10665
Correct = 135, Wrong = 11065
Correct = 135, Wrong = 11465
Correct = 135, Wrong = 11865
Correct = 136, Wrong = 12264
Correct = 136, Wrong = 12664
Correct = 136, Wrong = 13064
Correct = 136, Wrong = 13464
Correct = 136, Wrong = 13864
Correct = 136, Wrong = 14264
Finish with inactive_pairs
