/home/ildar/diplom/graphmatching/data/inst_lid_rid.csv
IGRAPH UN-- 20794 240414 -- 
+ attr: name (v)
/home/ildar/diplom/graphmatching/data/vk_lid_rid.csv
IGRAPH UN-- 24800 463468 -- 
+ attr: name (v)
[(13328, 12083), (16276, 9804), (19420, 21157), (17388, 17218), (4478, 9049), (66, 279), (6821, 5845), (9959, 11114), (16469, 10300), (7902, 19117), (388, 19569), (10655, 4546), (14752, 14911), (1731, 18558), (6681, 706), (2646, 12648), (5176, 3556), (16017, 14013), (6047, 1424), (10433, 19054), (5338, 13361), (7677, 689), (1602, 24114), (6570, 1688), (10939, 2254), (17866, 11775), (4481, 7456), (14857, 1881), (16980, 8861), (10037, 6166), (12413, 17375), (14917, 1925), (12316, 15605), (8318, 16070), (6677, 58), (18109, 22751), (2288, 944), (7917, 17667), (8265, 2770), (14671, 9355), (9082, 4656), (15523, 14007), (12323, 5276), (6937, 19606), (10522, 3033), (19812, 1933), (7668, 14145), (2045, 18325), (8397, 19311), (18155, 11247), (11744, 2051), (17019, 13318), (16329, 20439), (2904, 23538), (9262, 19742), (6703, 24318), (2281, 19435), (4731, 19010), (3963, 24306), (15946, 12418), (7650, 24172), (4359, 14426), (5577, 11085), (17814, 23056), (3018, 20477), (19817, 21879), (17716, 6539), (12312, 10866), (13443, 9814), (4837, 21640), (11044, 708), (4400, 1922), (6443, 15561), (6539, 21096), (10343, 6016), (7205, 6375), (10221, 5094), (17934, 11896), (9124, 20719), (18366, 2046), (6851, 13565), (5953, 565), (3585, 14492), (19598, 7051), (13734, 3651), (18570, 3206), (15758, 8566), (13337, 8644), (19148, 4701), (6201, 1048), (3251, 3208), (9745, 24057), (17709, 17832), (12757, 11955), (18746, 22518), (11941, 18127), (6645, 2405), (4483, 22375), (16474, 13168), (16086, 16235), (10777, 15221), (14841, 7803), (12799, 11939), (1177, 1584), (1173, 7813), (20703, 20705), (16356, 3743), (19544, 16293), (18040, 13981), (19840, 27), (5112, 17569), (4417, 7096), (16666, 17341), (9821, 20767), (1344, 2877), (153, 2556), (18351, 15423), (3109, 6281), (7996, 12332), (16997, 16248), (12316, 15605), (13431, 6211), (20745, 18732), (13112, 14052), (11616, 6262), (257, 21141), (552, 592), (19572, 16102), (1157, 6908), (235, 4450), (2714, 2990), (4180, 1097), (13654, 10308), (18898, 20905), (15680, 16696), (19303, 12747), (18240, 14141), (20041, 23131), (10852, 19351), (1681, 6070), (750, 10323), (15406, 21106), (4922, 14086), (9929, 9619), (8810, 12360), (5077, 4757), (3198, 1049), (7101, 1075), (1318, 997), (6049, 6630), (7168, 22854), (3111, 4767), (11404, 4218), (7627, 22574), (17742, 15451), (9413, 7644), (14425, 15840), (7592, 20901), (13725, 7871), (12011, 8482), (4000, 8609), (7755, 19887), (3497, 19441), (4128, 11226), (16929, 3616), (4389, 8536), (19064, 7765), (7267, 24007), (16055, 2561), (5239, 12414), (6664, 8), (16454, 2952), (8023, 885), (5451, 12998), (6701, 23088), (4581, 7067), (3231, 777), (9144, 19210), (2788, 19766), (13247, 10586), (12709, 14804), (7800, 19346), (19429, 13915), (10667, 18529), (16336, 24749), (6668, 2457), (10445, 21924), (20728, 20221), (6057, 4082), (12914, 12388), (470, 20364), (2741, 11307), (9946, 11829), (3204, 10961), (10202, 17994), (18828, 16438), (15195, 10368), (17569, 24798), (42, 10574), (11380, 18948)]
Standard algorithm is selected
Read Graphs time: 0.00023126602172851562
Iter num: 1
seed size = 200
Seed are expanded
Correct = 205, Wrong = 195
Correct = 207, Wrong = 593
Correct = 210, Wrong = 990
Correct = 217, Wrong = 1383
Correct = 219, Wrong = 1781
Correct = 222, Wrong = 2178
Correct = 224, Wrong = 2576
Correct = 226, Wrong = 2974
Correct = 228, Wrong = 3372
Correct = 231, Wrong = 3769
Correct = 231, Wrong = 4169
Correct = 234, Wrong = 4566
In progress... (6724106)
[5000] select the unmatched pair [12938,9093]
score map size = 22576594
Correct = 235, Wrong = 4965
Correct = 237, Wrong = 5363
Correct = 237, Wrong = 5763
Correct = 238, Wrong = 6162
Correct = 238, Wrong = 6562
Correct = 239, Wrong = 6961
Correct = 242, Wrong = 7358
Correct = 242, Wrong = 7758
Correct = 242, Wrong = 8158
Correct = 242, Wrong = 8558
Correct = 244, Wrong = 8956
Correct = 247, Wrong = 9353
Finish with inactive_pairs
Extended seed size:  305004
Iter num: 2
seed size = 305004
Seed are expanded
Correct = 247, Wrong = 9753
In progress... (528433)
[10000] select the unmatched pair [15971,7413]
score map size = 25158822
Correct = 249, Wrong = 10151
Correct = 250, Wrong = 10550
Correct = 250, Wrong = 10950
Correct = 250, Wrong = 11350
Correct = 250, Wrong = 11750
Correct = 251, Wrong = 12149
Correct = 252, Wrong = 12548
Correct = 254, Wrong = 12946
Correct = 257, Wrong = 13343
Correct = 257, Wrong = 13743
Correct = 257, Wrong = 14143
Correct = 257, Wrong = 14543
Finish with inactive_pairs
Extended seed size:  2366
Iter num: 3
seed size = 2366
Seed are expanded
Finish with inactive_pairs
Extended seed size:  6
Iter num: 4
seed size = 6
Seed are expanded
Finish with inactive_pairs
Extended seed size:  0
Execution time: 334.7616696357727
------RESULT-------
	for lN = 20794, rN = 24800, |seed_0| = 200
	MATCHED =  14852
		CORRECT = 259; WRONG = 14593
	Recall = 0.012456
	Precision = 0.017439
	F1-score = 0.014532
