/home/ildar/diplom/graphmatching/data/inst_lid_rid.csv
IGRAPH UN-- 20794 240414 -- 
+ attr: name (v)
/home/ildar/diplom/graphmatching/data/vk_lid_rid.csv
IGRAPH UN-- 24800 463468 -- 
+ attr: name (v)
[(5496, 19006), (15, 2343), (6951, 18688), (7606, 7507), (10938, 12373), (12646, 13804), (10396, 9239), (13491, 6534), (19759, 17906), (12772, 18703), (12759, 21833), (20783, 17846), (11610, 20100), (17938, 16609), (4389, 8536), (6693, 2719), (16404, 12278), (16414, 9823), (19893, 18380), (20510, 17369), (19700, 23458), (1629, 1529), (11180, 16745), (2777, 6869), (14651, 24410), (12209, 16767), (1084, 21222), (10917, 16858), (5913, 13231), (6983, 3745), (8317, 7256), (6027, 21727), (20667, 11731), (9548, 15353), (12174, 15676), (7528, 24538), (6155, 10216), (9546, 4066), (15875, 24487), (7385, 4680), (2709, 4803), (10204, 10889), (14871, 13157), (11676, 1058), (13740, 9689), (8281, 16318), (17675, 22942), (15005, 3489), (16350, 14549), (6593, 1331), (7233, 3070), (6975, 8838), (8486, 20791), (16439, 9059), (17922, 11581), (4864, 4422), (12411, 7130), (14874, 11612), (7780, 1148), (8477, 130), (7735, 24300), (1071, 4523), (4427, 1468), (3760, 1979), (12238, 24499), (9377, 19602), (16341, 14853), (18358, 10780), (3960, 10796), (857, 2515), (2311, 2006), (5486, 8239), (11156, 5994), (8541, 19962), (15923, 3782), (2042, 18281), (10176, 9978), (1418, 20092), (15424, 18151), (19954, 12612), (13847, 10619), (1840, 19528), (11586, 8012), (12135, 18574), (15034, 10418), (9342, 5791), (9572, 163), (3572, 17489), (17455, 10906), (19078, 18735), (843, 2045), (12717, 17989), (18409, 2041), (3051, 3248), (13980, 9063), (13322, 10243), (8806, 16951), (15741, 3510), (5227, 22743), (19367, 22013), (17196, 22188), (4497, 6917), (18866, 17625), (1585, 20050), (17355, 16916), (20458, 13486), (19223, 12340), (12983, 17116), (18173, 16380), (9304, 22550), (7803, 13028), (15316, 21199), (17313, 24716), (10043, 20866), (9542, 4258), (4493, 3173), (19298, 6662), (12116, 20043), (2071, 15795), (314, 12441), (8554, 20590), (13226, 15535), (14966, 12170), (12234, 11039), (52, 16411), (20575, 14742), (11131, 16226), (11465, 9143), (15062, 17556), (7824, 3667), (5170, 1372), (19992, 22887), (12856, 19376), (20274, 11417), (8115, 3231), (10134, 883), (16675, 12641), (5067, 5604), (2992, 4882), (2221, 372), (4179, 24377), (4064, 9191), (12306, 12846), (591, 6185), (6719, 14446), (11630, 8114), (15691, 24644), (2447, 23894), (9546, 4066), (12398, 1668), (3522, 13083), (9767, 226), (11958, 13249), (4728, 20864), (5327, 22343), (17089, 6815), (11217, 23804), (18812, 23308), (5129, 12064), (5606, 3329), (4593, 20266), (12754, 12960), (20113, 14506), (16017, 14013), (14420, 7160), (2592, 3572), (2951, 12078), (19701, 23281), (7041, 9843), (3831, 3818), (14806, 17878), (5837, 13173), (18705, 22768), (10828, 13756), (3206, 15211), (9977, 17730), (14837, 9947), (9538, 792), (19082, 10853), (15810, 12363), (15146, 24688), (19420, 21157), (1688, 7660), (10458, 2114), (17316, 19592), (7429, 14513), (6876, 13720), (4696, 17576), (14064, 1798), (14029, 11190), (6252, 4618), (3914, 23301), (5513, 12043), (3283, 16504), (7103, 5251), (91, 825), (5409, 14031), (15262, 15328), (12480, 9864), (19734, 23322), (4686, 21381), (14038, 12585), (19509, 19019), (10876, 11925), (17341, 9629), (8698, 1283), (2790, 229), (12921, 12131), (17507, 16565), (13446, 15412), (19314, 14388), (11852, 11326), (10112, 21681), (15866, 19629), (2007, 7413), (17344, 24671), (11688, 7419), (1733, 18162), (1686, 20652), (15992, 11057), (15261, 2838), (10943, 16681), (8159, 4155), (20559, 23213), (17541, 17561), (3182, 8291), (4980, 2898), (20685, 22416), (13441, 10813), (5394, 7097), (7900, 16946), (13966, 11103), (18869, 14017), (15884, 22917), (17803, 16009), (16265, 24105), (11586, 8012), (1856, 15470), (10013, 13162), (10382, 8206), (11513, 7207), (11257, 13104), (9016, 6500), (19255, 19829), (14544, 4624), (14734, 3565), (12236, 18538), (14376, 7720), (2617, 7303), (19551, 17920), (4218, 17525), (8900, 9562), (15619, 11563), (5726, 23834), (8819, 6234), (442, 11160), (5574, 6376), (4109, 21031), (13365, 21403), (9898, 1464), (16816, 14615), (2431, 22079), (12719, 21178), (13881, 4967), (10367, 4579), (1828, 23164), (5701, 1516), (6468, 8751), (19292, 16582), (7549, 1047), (12248, 1557), (5494, 2410), (7739, 6138), (3286, 9483), (12462, 9278), (13328, 12083), (16034, 21823), (7048, 782), (12341, 6294), (9560, 13955), (8418, 16772), (442, 11160), (18460, 24039), (20700, 14728), (15065, 16037), (12995, 24029), (527, 8634), (15671, 14014), (432, 1923), (13979, 643), (3944, 1149), (4421, 14982), (11307, 5260), (20509, 18041), (11558, 21286), (6749, 18542), (17922, 11581), (5648, 17234), (6418, 1146), (16312, 17076), (2788, 19766), (1660, 320), (5459, 7169), (17419, 22321), (16285, 21418), (11350, 5047), (1193, 94), (19479, 5847), (12762, 2560), (4561, 23036), (9709, 4506), (9736, 11562), (4750, 1152), (9511, 468), (4856, 211), (14616, 21764), (4267, 4791), (12724, 17488), (10687, 21948), (15081, 24742), (2730, 24554), (11210, 22482), (8617, 20745), (16014, 24636), (6454, 22776), (447, 24610), (11764, 9279), (3524, 2239), (10774, 17967), (10923, 9490), (18738, 15205), (10428, 4402), (20639, 4303), (4760, 20554), (9911, 22858), (134, 500), (9259, 20692), (14308, 15549), (8120, 16121), (10095, 2969), (1693, 15023), (2292, 1248), (335, 20840), (20734, 21908), (18960, 17162), (1886, 19261), (13542, 24730), (1349, 28), (12422, 23630), (17396, 19850), (10900, 7826), (20380, 17654), (8830, 20847), (10405, 12973), (3373, 881), (7034, 19131), (8458, 13965), (20394, 17968), (17326, 19548), (17542, 12211), (10221, 5094), (4448, 13474), (6875, 12484), (6063, 2876), (15266, 812), (15848, 4568), (17654, 11434), (17325, 21084), (9527, 2880), (11029, 2666)]
Standard algorithm is selected
Read Graphs time: 0.0003581047058105469
Iter num: 1
seed size = 370
Seed are expanded
Correct = 368, Wrong = 32
Correct = 370, Wrong = 430
Correct = 370, Wrong = 830
Correct = 372, Wrong = 1228
Correct = 373, Wrong = 1627
Correct = 374, Wrong = 2026
Correct = 374, Wrong = 2426
Correct = 375, Wrong = 2825
Correct = 376, Wrong = 3224
Correct = 377, Wrong = 3623
Correct = 382, Wrong = 4018
Correct = 391, Wrong = 4409
Correct = 392, Wrong = 4808
In progress... (6078986)
[5000] select the unmatched pair [8003,7054]
score map size = 21285906
Correct = 392, Wrong = 5208
Correct = 392, Wrong = 5608
Correct = 393, Wrong = 6007
Correct = 393, Wrong = 6407
Correct = 393, Wrong = 6807
Correct = 408, Wrong = 7192
Correct = 408, Wrong = 7592
Correct = 410, Wrong = 7990
Correct = 411, Wrong = 8389
Correct = 412, Wrong = 8788
Correct = 414, Wrong = 9186
Finish with inactive_pairs
Extended seed size:  302487
Iter num: 2
seed size = 302487
Seed are expanded
Correct = 415, Wrong = 9585
In progress... (703163)
[10000] select the unmatched pair [9110,9929]
score map size = 23934986
Correct = 422, Wrong = 9978
Correct = 425, Wrong = 10375
Correct = 427, Wrong = 10773
Correct = 427, Wrong = 11173
Correct = 428, Wrong = 11572
Correct = 430, Wrong = 11970
Correct = 430, Wrong = 12370
Correct = 433, Wrong = 12767
Correct = 435, Wrong = 13165
Correct = 435, Wrong = 13565
Correct = 438, Wrong = 13962
Correct = 438, Wrong = 14362
Finish with inactive_pairs
Extended seed size:  2473
Iter num: 3
seed size = 2473
Seed are expanded
Finish with inactive_pairs
Extended seed size:  18
Iter num: 4
seed size = 18
Seed are expanded
Finish with inactive_pairs
Extended seed size:  0
Execution time: 325.14959621429443
------RESULT-------
	for lN = 20794, rN = 24800, |seed_0| = 370
	MATCHED =  14939
		CORRECT = 438; WRONG = 14501
	Recall = 0.021064
	Precision = 0.029319
	F1-score = 0.024515
