/home/ildar/diplom/graphmatching/data/inst_lid_rid.csv
IGRAPH UN-- 20794 240414 -- 
+ attr: name (v)
/home/ildar/diplom/graphmatching/data/vk_lid_rid.csv
IGRAPH UN-- 24800 463468 -- 
+ attr: name (v)
{(19190, 6105), (3928, 19111), (11942, 23910), (6867, 8231), (6981, 6252), (4283, 24047), (12531, 8667), (6298, 1609), (10815, 1918), (13325, 7540), (5795, 4849), (2959, 12058), (15205, 3621), (15040, 13391), (18809, 3218), (10657, 9242), (6892, 10605), (3963, 24306), (19756, 15614), (7056, 442), (9150, 5054), (2072, 16085), (7637, 21938), (20714, 12739), (5306, 876), (14428, 24485), (1667, 14916), (10410, 8850), (17332, 15786), (16320, 24747), (16081, 19564), (17992, 22684), (1595, 584), (5592, 2231), (2422, 22090), (17080, 16831), (3548, 133), (16501, 5269), (660, 6914), (2864, 6942), (1260, 4748), (9229, 2426), (2455, 24599), (10413, 240), (503, 7529), (12208, 14018), (9724, 4630), (13682, 10224), (19095, 23381), (3574, 22439), (13673, 6910), (18243, 8925), (9249, 23338), (19701, 23281), (12742, 24283), (8545, 7870), (4270, 2792), (15871, 13514), (6657, 9012), (18133, 7417), (5421, 13229), (6419, 19197), (6395, 2863), (16733, 22985), (14737, 8416), (12616, 5909), (20486, 22208), (751, 3723), (1689, 20123), (1247, 21400), (209, 2627), (6049, 6630), (4195, 9821), (11139, 14180), (15202, 5946), (9172, 11866), (5873, 16840), (3707, 15105), (19323, 19124), (16352, 15354), (12647, 8698), (15929, 16287), (5751, 6076), (516, 4328), (9501, 2578), (8288, 4920), (9148, 6851), (378, 962), (9185, 6991), (17099, 11639), (3542, 2962), (4403, 3180), (4469, 12005), (14909, 10211), (3806, 3795), (8665, 17013), (6448, 20760), (8398, 17250), (19364, 17086), (16070, 14224), (1946, 4601), (9693, 1180), (20562, 16973), (6410, 5610), (2068, 9300), (6668, 2457), (10129, 11988), (15402, 89), (6595, 10600), (1148, 14607), (11763, 14403), (18898, 20905), (5960, 24166), (11002, 22511), (17114, 15157), (1029, 19466), (2409, 1589), (16092, 24355), (5786, 162), (18321, 15999), (671, 5275), (14648, 19352), (18478, 15503), (6500, 9622), (15013, 11424), (19387, 17701), (15393, 2474), (13121, 3965), (730, 12561), (18202, 5703), (18472, 18842), (171, 2311), (2097, 18279), (20644, 16805), (16374, 13851), (20022, 7665), (14165, 18327), (15003, 16015), (19940, 13166), (20769, 17975), (20546, 15114), (11313, 12148), (4736, 6059), (10800, 24693), (7903, 4567), (4809, 1073), (10902, 22908), (10011, 9695), (20528, 23534), (3860, 8306), (2752, 798), (14971, 15734), (17518, 24701), (8463, 22796), (19540, 1370), (3508, 18679), (19367, 22013), (17363, 14396), (11120, 14565), (8341, 1888), (157, 4339), (13889, 24567), (17984, 19502), (3764, 705), (19583, 5850), (2286, 390), (20740, 11021), (7388, 8386), (15517, 23052), (16598, 18450), (12906, 5934), (4253, 21623), (16333, 10633), (12383, 15806), (18575, 10725), (16479, 4981), (15332, 15230), (4290, 2564), (260, 6622), (18891, 2509), (7414, 5204), (2418, 21386), (1675, 10277), (1064, 3030), (3370, 23603), (16932, 7150), (10262, 23397), (6257, 2882), (9047, 24451), (7144, 11315), (7059, 16569), (18003, 16271), (13253, 15648), (20451, 2205), (9596, 12493), (6342, 7116), (18534, 7153), (11321, 18216), (10071, 10067), (1554, 566), (2851, 11244), (10245, 15429), (7370, 24676), (16350, 14549), (10518, 9179), (795, 7846), (13379, 23358), (5769, 3197), (6404, 21525), (11154, 2399), (17251, 5895), (13441, 10813), (11571, 13736), (16982, 19636), (1364, 9975), (20409, 12426), (14239, 8979), (7712, 9357), (15592, 20106), (4419, 8692), (4022, 2276), (3890, 5712), (19555, 7967), (4192, 11487), (3049, 8383), (8419, 18727), (13628, 15226), (3409, 10395), (7306, 8067), (18696, 21637), (12340, 20443), (2522, 24722), (10303, 14140), (15401, 17541), (20383, 23654), (7432, 21761), (14896, 5086), (2308, 18546), (857, 2515), (1513, 1975), (344, 18980), (287, 21048), (10447, 7378), (16854, 18140), (10263, 17936), (12771, 21421), (4719, 6201), (11414, 3052), (57, 6675), (15889, 7800), (1181, 16215), (13964, 12721), (14136, 15330), (7916, 8043), (7709, 14307), (14630, 16824), (6741, 14352), (16691, 7469), (19616, 17668), (18556, 16153), (17678, 21045), (10275, 24750), (13507, 8303), (11190, 16057), (11872, 7744), (10091, 5617), (16289, 18668), (11903, 8004), (14031, 1396), (15048, 15733), (7455, 10479), (16511, 21841), (4688, 18395), (19288, 9923), (13560, 6637), (15362, 1836), (1833, 21745), (9043, 9120), (570, 2727), (14973, 10244), (10718, 20504), (7312, 5484), (19901, 21937), (12868, 16199), (13952, 19860), (1112, 23803), (16747, 17321), (10433, 19054), (5934, 4664), (19053, 18223), (1036, 4818), (4201, 24317), (3307, 11511), (15181, 18215), (2646, 12648), (7342, 5397), (16876, 22410), (471, 21798), (11939, 2746), (1493, 845), (16923, 2275), (5310, 4250), (7749, 1802), (2996, 2168), (11584, 1959), (6117, 11630), (17454, 21932), (3345, 13141), (20663, 3168), (13229, 14529), (10710, 14068), (1330, 16416), (3999, 232), (3262, 14976), (680, 9506), (12805, 810), (3448, 21061), (766, 7613), (5244, 24424), (12991, 15254), (17383, 421), (6767, 11785), (14617, 18338), (8678, 21292), (4648, 17371), (10814, 4473), (7745, 9152), (6814, 5240), (11960, 13247), (3135, 18282), (14364, 5101), (3441, 8773), (5452, 1615), (12860, 22340), (4465, 19899), (17139, 19347), (807, 12922), (1519, 9521), (11911, 3195), (9856, 9875), (1032, 12981), (15225, 729), (11471, 7850), (882, 17703), (900, 23767), (4594, 10438), (12963, 5340), (6348, 1220), (14978, 11161), (17632, 8445), (5576, 14223), (15916, 20392), (17423, 22171), (16690, 19245), (12507, 21978), (10385, 7273), (2672, 95), (6723, 18061), (3133, 15583), (5931, 7740), (16278, 15823), (14990, 10913), (7867, 24299), (12325, 5568), (3248, 5071), (16857, 7202), (7609, 22102), (10229, 7277), (14180, 15723), (18381, 23723), (15868, 8485), (13947, 23191), (12073, 23239), (4990, 21999), (1648, 2346), (11777, 9548), (20790, 18284), (18364, 11604), (14708, 7401), (10338, 24534), (16279, 20410), (3927, 1621), (2929, 18682), (12295, 22737), (19278, 8762), (3281, 1275), (15378, 24523), (19972, 12801), (5804, 3637), (5149, 2193), (7809, 21302), (6004, 14326), (11724, 17307), (11071, 21752), (4932, 5593), (789, 24177), (16707, 3345), (566, 7757), (2921, 16047), (9678, 20787), (2461, 1449), (4297, 4776), (7359, 2725), (4369, 22046), (18982, 5375), (12019, 3502), (8788, 5632), (7566, 9819), (9230, 20269), (5623, 1632), (5016, 1239), (14331, 3646), (19129, 16003), (10761, 5523), (14608, 3761), (8815, 59), (9576, 5390), (1704, 20729), (6306, 18377), (10618, 7162), (1304, 7697), (19218, 7611), (14594, 3051), (5103, 10986), (1125, 22094), (3631, 5963), (17261, 4924), (1917, 5165), (8518, 2904), (17977, 15490), (10094, 5620), (9117, 24068), (17136, 2872), (11025, 22287), (4890, 3009), (14098, 13646), (14930, 21774), (8918, 5840), (1453, 1968), (19781, 14765), (17982, 23816), (6630, 116), (10321, 20634), (2385, 3857), (5845, 23097), (4503, 21747), (12183, 20874), (6380, 22989), (15287, 17853), (1469, 13291), (20670, 18123), (17353, 13776), (4797, 17847), (18465, 18888), (10431, 4707), (9304, 22550), (11838, 16306), (3331, 16081), (1374, 7527), (17204, 24494), (8779, 5424), (9152, 7489), (11894, 18934), (18507, 7619), (551, 22096), (5866, 24352), (16367, 20046), (8866, 17124), (10521, 1532), (17104, 10412), (9510, 13459), (3991, 1127), (17214, 2337), (12503, 18878), (4644, 17353), (4956, 10750), (6833, 4427), (8420, 17902), (17936, 12864), (19995, 15556), (4678, 19672), (2647, 3148), (14081, 9898), (16796, 17863), (7779, 2609), (13984, 24488), (7180, 16483), (640, 8407), (9090, 22938), (18451, 21855), (20432, 18992), (3947, 767), (2635, 22498), (19549, 9760), (5986, 24375), (11572, 12362), (17215, 18809), (5705, 7301), (19997, 22959), (16256, 4407), (10099, 3496), (14524, 12144), (6274, 1451), (20326, 16702), (19368, 23837), (4804, 1814), (20627, 11862), (16377, 20021), (1292, 24490), (3939, 4327), (19458, 3620), (16353, 4801), (13450, 24220), (9106, 12397), (18505, 2036), (12571, 24751), (11123, 21018), (9021, 4714), (11719, 11239), (19646, 2333), (1484, 498), (371, 13327), (10592, 319), (13138, 3253), (19403, 8409), (13034, 19075), (2397, 21905), (9137, 15208), (18984, 8280), (3652, 18632), (4353, 24474), (9240, 12656), (3222, 2853), (215, 2836), (20658, 16976), (13132, 24420), (4108, 14263), (18297, 18505), (15075, 23598), (11269, 6218), (9164, 18893), (11550, 18408), (19954, 12612), (15947, 8963), (1098, 1422), (19116, 7985), (14752, 14911), (2555, 2463), (2509, 16596), (3236, 834), (12254, 2951), (10810, 2796), (15569, 16621), (8250, 3983), (6439, 12943), (5394, 7097), (19603, 15677), (10022, 19613), (14251, 8223), (12695, 9193), (20162, 22711), (11560, 13820), (5604, 10712), (2627, 8368), (6060, 3228), (8885, 19783), (11345, 11355), (11818, 13221), (20041, 23131), (8425, 10190), (4240, 16714), (2926, 12031), (1354, 9700), (15548, 17065), (242, 2842), (10578, 19933), (5503, 18189), (17435, 14335), (8487, 2070), (9891, 24014), (4066, 794), (5196, 5525), (7780, 1148), (9065, 4086), (5412, 11566), (5155, 13886), (20316, 10627), (8621, 12487), (17100, 13341), (2652, 19930), (12506, 8717), (5883, 12989), (18360, 9555), (19447, 17546), (20036, 8531), (14718, 15287), (10252, 21715), (13626, 4098), (9606, 3061), (7109, 9177), (8568, 3246), (15285, 11716), (11941, 18127), (19270, 15288), (20059, 16643), (655, 2865), (3771, 8349), (9056, 18870), (14987, 7978), (18834, 19831), (17240, 21885), (6529, 1452), (1988, 8627), (6977, 6190), (18426, 1731), (13446, 15412), (15266, 812), (17293, 13545), (19858, 18731), (9020, 18099), (3746, 6237), (9037, 24162), (7317, 10784), (1887, 22249), (15338, 13991), (31, 22085), (9917, 19861), (6568, 7018), (9336, 13113), (2760, 1383), (13348, 13557), (18237, 23449), (14148, 23220), (5798, 20399), (10473, 6214), (6166, 714), (15423, 16263), (16078, 14693), (3643, 19445), (20731, 5074), (14745, 17075), (3593, 1544), (18183, 8901), (15526, 5815), (15460, 7381), (15690, 6432), (825, 20789), (7900, 16946), (2877, 15313), (5407, 18894), (19013, 13772), (20117, 15266), (4009, 24297), (9284, 6554), (18737, 22520), (9718, 7602), (9017, 16641), (2127, 19154), (19786, 16797), (5393, 7664), (10724, 20928), (1100, 24149), (5253, 8964), (4764, 11588), (16118, 16685), (8672, 10169), (9989, 6289), (14072, 10512), (9639, 2840), (18749, 13045), (1407, 1969), (1052, 13487), (2893, 21896), (2248, 24273), (18615, 6380), (9374, 19481), (6497, 20075), (11958, 13249), (11673, 24407), (17845, 22831), (4871, 1280), (5469, 10333), (15151, 14584), (4607, 5188), (18665, 14614), (15473, 15038), (6045, 5280), (7303, 10425), (18897, 15326), (9817, 12672), (5464, 2764), (15594, 13119), (5979, 16672), (18122, 10942), (20353, 17485), (4160, 9592), (17995, 19043), (641, 1553), (14189, 17009), (5849, 1069), (1823, 1019), (8784, 4949), (14166, 11752), (13910, 16966), (20500, 7154), (7063, 20231), (19072, 19159), (2078, 18246), (6624, 1377), (17402, 21883), (7150, 14448), (14097, 23113), (2494, 2947), (1682, 22584), (13919, 10084), (1700, 1389), (4499, 18976), (8228, 20798), (20501, 22734), (18273, 15510), (4882, 3692), (9949, 10802), (8256, 23700), (3056, 22377), (8800, 666), (15977, 7076), (1425, 3770), (15291, 5282), (1096, 13552), (15865, 7382), (511, 2101), (1343, 267), (8823, 22462), (13125, 5222), (3754, 5296), (3356, 10434), (6627, 9778), (17098, 11640), (15220, 15145), (12721, 2393), (434, 15571), (16055, 2561), (3115, 13912), (4560, 12192), (3777, 19678), (18992, 14445), (13195, 22800), (17728, 22228), (946, 9455), (5528, 19164), (7202, 20958), (6297, 1594), (18345, 20464), (13563, 6628), (7836, 14176), (11580, 13389), (6415, 15798), (3426, 11218), (19763, 10535), (2589, 202), (328, 18741), (19393, 14798), (16249, 16716), (12657, 22050), (19066, 18564), (7118, 8864), (3167, 15705), (4731, 19010), (9159, 23741), (11563, 19506), (9335, 9977), (16006, 14190), (7130, 2901), (15327, 10536), (10971, 16379), (13250, 23519), (329, 14837), (16326, 23393), (7890, 24046), (16198, 10922), (11054, 16760), (2109, 19616), (9076, 13888), (7450, 191), (11126, 16740), (13650, 11162), (13853, 8023), (11851, 8289), (3270, 8322), (15382, 5789), (5243, 5829), (12253, 7243), (4069, 7927), (953, 2326), (1666, 5127), (8259, 9327), (18953, 13230), (14760, 1580), (19933, 23411), (4460, 21242), (15097, 9989), (6967, 5192), (15339, 13980), (10122, 2995), (3755, 24125), (10049, 18671), (6985, 17904), (18939, 3217), (2698, 6005), (9955, 5404), (19520, 23556), (6959, 5189), (10990, 23517), (2265, 5809), (13363, 21597), (4921, 1381), (3289, 1702), (10155, 6102), (15344, 19547), (3153, 3884), (9935, 19684), (15807, 6563), (9716, 10002), (12572, 4364), (7681, 19384), (17135, 14925), (20728, 20221), (12985, 8848), (5756, 912), (10585, 2469), (13878, 24529), (2994, 9902), (5271, 20904), (13353, 5654), (7532, 20421), (4649, 23242), (11275, 22062), (20305, 16983), (9393, 8283), (11990, 22944), (15691, 24644), (13102, 5637), (7602, 19697), (5148, 7880), (13303, 15183), (7233, 3070), (5572, 19710), (14588, 14745), (17227, 24519), (1735, 20213), (3832, 4925), (17014, 14907), (9780, 7508), (14289, 13044), (6641, 7650), (12680, 4467), (13506, 24310), (8209, 17932), (6411, 12853), (16389, 24247), (7690, 8803), (9429, 6094), (1113, 1803), (1207, 1770), (122, 6394), (5291, 13064), (16032, 9972), (10843, 178), (16815, 5653), (15002, 14525), (1278, 23976), (18614, 20869), (8366, 24248), (8505, 5594), (15452, 3319), (6210, 24385), (16403, 2220), (15677, 7021), (17818, 21643), (13152, 17540), (15047, 10364), (2067, 11725), (5220, 17343), (20745, 18732), (8527, 15889), (1759, 7462), (18774, 22), (10029, 19950), (4121, 18264), (8699, 4332), (17809, 12449), (4163, 15797), (11316, 21917), (17525, 8971), (8394, 22336), (1696, 4221), (8931, 6203), (14667, 7174), (7874, 9680), (4463, 24045), (9925, 3999), (12836, 9286), (6373, 6655), (13203, 6128), (1600, 5176), (10101, 5533), (19486, 11037), (13816, 5423), (5279, 20753), (611, 1726), (12029, 21068), (19436, 16619), (6469, 19360), (4346, 23889), (17211, 21759), (7416, 2987), (11665, 6828), (12750, 7991), (8963, 282), (2299, 12029), (7979, 24784), (7815, 21301), (1986, 6803), (1856, 15470), (12736, 14198), (6323, 8132), (6573, 11963), (15055, 12769), (373, 17130), (15535, 11783), (11170, 16377), (16211, 23328), (8525, 19913), (19249, 9936), (14335, 10453), (15028, 12113), (2221, 372), (9264, 22855), (9777, 15720), (7947, 19761), (14229, 8410), (17590, 18929), (10896, 1564), (1254, 21251), (14894, 15500), (19517, 12748), (5664, 11467), (1807, 22652), (19429, 13915), (1891, 19984), (7784, 6842), (16221, 4133), (1903, 21676), (5957, 3044), (10723, 23682), (11623, 9568), (15246, 17662), (1401, 18501), (1989, 15052), (10548, 14410), (13761, 8456), (5681, 1912), (9664, 9520), (15078, 7094), (7667, 22464), (5941, 5510), (13274, 4912), (7987, 17761), (15388, 4800), (2352, 21099), (11063, 4991), (15715, 9411), (11557, 21233), (18329, 23283), (15208, 17534), (14715, 369), (16037, 15360), (13746, 15881), (7387, 16991), (4402, 6312), (2465, 352), (13509, 21346), (1094, 723), (14133, 3001), (4444, 1266), (10796, 11841), (15556, 24134), (3834, 19745), (16031, 11720), (15813, 8934), (16357, 15953), (13475, 5399), (6111, 23886), (6408, 14133), (7801, 6099), (719, 865), (2874, 22210), (14068, 17159), (11585, 2790), (15170, 17710)}
Standard algorithm is selected
Initial seed len 1000
Read Graphs time: 0.0007662773132324219
Iter num: 1
seed size = 1000
Seed are expanded
Correct = 1026, Wrong = 174
Correct = 1055, Wrong = 545
Correct = 1115, Wrong = 885
Correct = 1218, Wrong = 1182
Correct = 1273, Wrong = 1527
Correct = 1384, Wrong = 1816
Correct = 1515, Wrong = 2085
Correct = 1627, Wrong = 2373
Correct = 1789, Wrong = 2611
Correct = 1930, Wrong = 2870
Correct = 2081, Wrong = 3119
Correct = 2286, Wrong = 3314
In progress... (9350519)
[5000] select the unmatched pair [11886,6096]
score map size = 20560974
Correct = 2413, Wrong = 3587
Correct = 2501, Wrong = 3899
Correct = 2692, Wrong = 4108
Correct = 2731, Wrong = 4469
Correct = 2912, Wrong = 4688
Correct = 3097, Wrong = 4903
Correct = 3203, Wrong = 5197
Correct = 3338, Wrong = 5462
Correct = 3452, Wrong = 5748
Correct = 3490, Wrong = 6110
Correct = 3545, Wrong = 6455
Correct = 3631, Wrong = 6769
Correct = 3794, Wrong = 7006
In progress... (2879)
[10000] select the unmatched pair [18282,12940]
score map size = 20789005
Correct = 3903, Wrong = 7297
Correct = 3988, Wrong = 7612
Correct = 4058, Wrong = 7942
Finish with inactive_pairs
Extended seed size:  188635
Iter num: 2
seed size = 188635
Seed are expanded
Correct = 4080, Wrong = 8320
Correct = 4093, Wrong = 8707
Correct = 4122, Wrong = 9078
Correct = 4138, Wrong = 9462
Correct = 4171, Wrong = 9829
Correct = 4199, Wrong = 10201
Correct = 4215, Wrong = 10585
Finish with inactive_pairs
Extended seed size:  1392
Iter num: 3
seed size = 1392
Seed are expanded
Finish with inactive_pairs
Extended seed size:  5
Iter num: 4
seed size = 5
Seed are expanded
Finish with inactive_pairs
Extended seed size:  0
Execution time: 301.05842542648315
------RESULT-------
	for lN = 20794, rN = 24800, |seed_0| = 1000
	MATCHED =  15058
		CORRECT = 4219; WRONG = 10839
	Recall = 0.202895
	Precision = 0.280183
	F1-score = 0.235356
