/home/ildar/diplom/graphmatching/data/inst_lid_rid.csv
IGRAPH UN-- 20794 240414 -- 
+ attr: name (v)
/home/ildar/diplom/graphmatching/data/vk_lid_rid.csv
IGRAPH UN-- 24800 463468 -- 
+ attr: name (v)
[(3269, 1526), (18544, 11250), (3079, 9762), (3790, 5793), (15881, 18306), (3928, 19111), (4901, 8212), (2011, 21274), (16902, 16534), (19895, 4375), (4957, 3898), (14804, 68), (13594, 17533), (8360, 12081), (3992, 3984), (9183, 9089), (3474, 2628), (17300, 3951), (10621, 11415), (16300, 19240), (6405, 16188), (2847, 719), (18666, 15554), (1263, 3579), (4543, 24027), (1513, 1975), (4769, 8094), (2668, 143), (10226, 19443), (19232, 22209), (3949, 4894), (8806, 16951), (9405, 22335), (4496, 3157), (10431, 4707), (4709, 8401), (18084, 16646), (19359, 7436), (10067, 21717), (10759, 7934), (5276, 1713), (20151, 10052), (15998, 12784), (20660, 17644), (9949, 10802), (9956, 10647), (2623, 2547), (3098, 11502), (316, 21888), (18117, 18838), (4222, 21024), (14578, 7690), (812, 4974), (12939, 12117), (4451, 1419), (13142, 8624), (10209, 21215), (19270, 15288), (5777, 3938), (2209, 11658), (13286, 4659), (2423, 12014), (12141, 1404), (14422, 3809), (15093, 13921), (15447, 22051), (14561, 10926), (20094, 17597), (20412, 3463), (3160, 3072), (12733, 14398), (16127, 12403), (9713, 1698), (18814, 23905), (3163, 19748), (5387, 6025), (9128, 8008), (15956, 21748), (19382, 18967), (4999, 12066), (7805, 21053), (12991, 15254), (9370, 17943), (1808, 23482), (20186, 15507), (9348, 4755), (15550, 16907), (6228, 5314), (16017, 14013), (16059, 16806), (19690, 16511), (7875, 18111), (378, 962), (8050, 13654), (14775, 13434), (4279, 3109), (17011, 6013), (16633, 10075), (13275, 16568), (15603, 6939), (9556, 14116), (1378, 7544), (8660, 13178), (15206, 18565), (8435, 8632), (4093, 17445), (4514, 6406), (10634, 15447), (7922, 6864), (13717, 12526), (7675, 22431), (12607, 11907), (4378, 1197), (15828, 13515), (4602, 242), (6585, 23110), (15635, 21029), (12279, 11786), (15375, 21026), (11414, 3052), (20710, 15186), (20648, 15098), (104, 520), (5558, 10431), (14245, 15216), (1927, 21165), (403, 19619), (13917, 20736), (18413, 5769), (11477, 3038), (2662, 1221), (8055, 12188), (14895, 18065), (17559, 15097), (9933, 4299), (7665, 9079), (15629, 5888), (19983, 14131), (1280, 2772), (10248, 21470), (17181, 16342), (15751, 24505), (18092, 24271), (2382, 4018), (8894, 12881), (18579, 7535), (12532, 2110), (13065, 660), (15746, 7219), (6615, 3188), (20634, 10136), (18597, 14333), (15337, 17704), (6035, 11843), (12752, 9979), (17580, 3870), (4772, 7445), (15521, 16873), (18676, 15315), (15828, 13515), (19377, 18491), (3635, 13525), (3624, 12297), (4139, 1398), (8457, 12358), (8188, 9267), (14644, 14386), (11691, 2054), (9930, 20987), (4057, 10592), (16065, 14477), (4778, 5679), (7646, 445), (18805, 4353), (19761, 12997), (4320, 2566), (19421, 19090), (601, 12913), (14914, 13499), (3812, 6827), (12059, 24197), (3776, 19025), (20300, 18401), (11175, 8120), (5012, 13015), (2221, 372), (1319, 1172), (2623, 2547), (285, 1648), (4194, 19292), (11987, 16095), (17282, 24055), (16355, 24483), (18766, 7430), (7882, 5614), (3378, 16902), (1041, 20712), (7421, 1064), (12067, 677), (1561, 5131), (16818, 21185), (11670, 13102), (2746, 16600), (19861, 10501), (12377, 8744), (9487, 4004), (3554, 12909), (10462, 16778), (318, 3415), (4929, 6057), (11643, 12183), (14416, 12928), (8348, 20887), (19882, 18446), (99, 8105), (6845, 4015), (10037, 6166), (6017, 2325), (13028, 5327), (5288, 3481), (5353, 6978), (1993, 19768), (17826, 3660), (8486, 20791), (4449, 4096), (18077, 10105), (4783, 19647), (6297, 1594), (8198, 3370), (10138, 8111), (4986, 21724), (9803, 6870), (2640, 13195), (1857, 1102), (18447, 10454), (16220, 5069), (272, 7307), (7208, 3530), (6436, 17123), (9435, 10851)]
Standard algorithm is selected
Read Graphs time: 0.0002541542053222656
Iter num: 1
seed size = 240
Seed are expanded
Correct = 241, Wrong = 159
Correct = 241, Wrong = 559
Correct = 242, Wrong = 958
Correct = 242, Wrong = 1358
Correct = 244, Wrong = 1756
Correct = 244, Wrong = 2156
Correct = 244, Wrong = 2556
Correct = 245, Wrong = 2955
Correct = 245, Wrong = 3355
Correct = 245, Wrong = 3755
Correct = 247, Wrong = 4153
Correct = 249, Wrong = 4551
Correct = 249, Wrong = 4951
In progress... (5956597)
[5000] select the unmatched pair [1216,6217]
score map size = 21231525
Correct = 249, Wrong = 5351
Correct = 249, Wrong = 5751
Correct = 249, Wrong = 6151
Correct = 254, Wrong = 6546
Correct = 254, Wrong = 6946
Correct = 258, Wrong = 7342
Correct = 260, Wrong = 7740
Correct = 262, Wrong = 8138
Correct = 262, Wrong = 8538
Correct = 262, Wrong = 8938
Correct = 262, Wrong = 9338
Finish with inactive_pairs
Extended seed size:  308753
Iter num: 2
seed size = 308753
Seed are expanded
Correct = 262, Wrong = 9738
In progress... (514417)
[10000] select the unmatched pair [6797,8081]
score map size = 23827860
Correct = 262, Wrong = 10138
Correct = 263, Wrong = 10537
Correct = 265, Wrong = 10935
Correct = 266, Wrong = 11334
Correct = 267, Wrong = 11733
Correct = 267, Wrong = 12133
Correct = 267, Wrong = 12533
Correct = 268, Wrong = 12932
Correct = 268, Wrong = 13332
Correct = 270, Wrong = 13730
Correct = 273, Wrong = 14127
Finish with inactive_pairs
Extended seed size:  2694
Iter num: 3
seed size = 2694
Seed are expanded
Finish with inactive_pairs
Extended seed size:  16
Iter num: 4
seed size = 16
Seed are expanded
Finish with inactive_pairs
Extended seed size:  0
Execution time: 313.7766625881195
------RESULT-------
	for lN = 20794, rN = 24800, |seed_0| = 240
	MATCHED =  14713
		CORRECT = 273; WRONG = 14440
	Recall = 0.013129
	Precision = 0.018555
	F1-score = 0.015377
