/home/ildar/diplom/graphmatching/data/inst_lid_rid.csv
IGRAPH UN-- 20794 240414 -- 
+ attr: name (v)
/home/ildar/diplom/graphmatching/data/vk_lid_rid.csv
IGRAPH UN-- 24800 463468 -- 
+ attr: name (v)
[(10257, 21462), (14505, 21802), (7096, 18114), (18924, 21060), (14193, 4158), (17558, 15895), (17252, 17511), (13752, 8501), (7727, 10625), (855, 20458), (8646, 13181), (10896, 1564), (8903, 1628), (905, 13521), (8533, 742), (4645, 13771), (3177, 16087), (15013, 11424), (13744, 6473), (17790, 12688), (6734, 8593), (6017, 2325), (8298, 17078), (3415, 23349), (14467, 1070), (14656, 17913), (9011, 8859), (2699, 265), (20678, 22789), (1332, 4498), (19329, 15319), (5175, 17285), (14471, 10951), (9376, 16089), (10906, 24627), (11749, 9730), (4553, 4693), (6531, 7152), (6178, 2409), (273, 19823), (4183, 7488), (18115, 13135), (1284, 1227), (14229, 8410), (1443, 8812), (16513, 3066), (10645, 15381), (1256, 19653), (1757, 7), (9579, 8707), (19340, 8701), (17105, 24193), (16427, 5326), (18672, 19895), (5130, 18954), (13953, 16950), (1611, 11807), (18335, 12109), (8475, 6807), (18161, 16329), (12413, 17375), (2422, 22090), (12894, 8556), (5789, 9678), (12177, 4389), (4910, 11350), (9109, 5865), (1081, 5728), (17140, 18212), (8470, 9085), (17913, 24557), (4240, 16714), (14964, 21298), (4598, 12638), (19018, 2078), (11631, 2008), (15430, 18866), (12867, 18508), (4453, 228), (5506, 3399), (4474, 9612), (9654, 18024), (14008, 10335), (1560, 8494), (7437, 8074), (9157, 19097), (18785, 12448), (12042, 17465), (3479, 5642), (9833, 17058), (8127, 3027), (7827, 1872), (13610, 3162), (262, 6487), (16862, 14055), (7254, 3740), (13788, 22070), (18395, 7599), (3924, 1637), (19846, 11846), (19081, 17164), (11759, 11670), (2847, 719), (15326, 12819), (7458, 20184), (5198, 24406), (2240, 5464), (5994, 7734), (18888, 7041), (16754, 23168), (9280, 10898), (17349, 23566), (11890, 19085), (17296, 470), (18409, 2041), (17105, 24193), (7753, 22658), (1977, 12368), (5957, 3044), (20343, 12247), (13745, 4077), (8058, 12884), (10803, 12234), (10081, 4694), (4814, 5634), (17633, 1896), (13153, 14610), (19208, 10834), (12074, 3822), (17018, 21063), (20767, 13969), (7438, 12240), (20376, 13870), (14662, 17121), (2005, 7254), (9095, 11684), (14936, 18242), (8689, 2652), (13599, 21994), (11798, 55), (19864, 15658), (16924, 7519), (8697, 1068), (1305, 3057), (3140, 20047), (19800, 17219), (18286, 17468), (14799, 4952), (5089, 12927), (8424, 10383), (9887, 20293), (16009, 12879), (11836, 24566), (2453, 465), (6169, 151), (7236, 3147), (9106, 12397), (11063, 4991), (18650, 10954), (3372, 508), (20260, 19452), (12654, 22871), (11728, 23590), (13918, 18489), (873, 22317), (16591, 7758), (13654, 10308), (8380, 4479), (5021, 90), (18664, 9378), (5951, 5689), (15274, 14451), (5214, 19199), (18755, 14111), (15575, 18843), (1070, 4363), (4427, 1468), (15284, 9789), (21, 21051), (3071, 16909), (17700, 21800), (2340, 23938), (6805, 4956), (20553, 21565), (11538, 2464), (12304, 12862), (10249, 15054), (17382, 15872), (5844, 24550), (6767, 11785), (15638, 23524), (719, 865), (467, 1612), (18070, 22996), (5212, 18479), (18875, 6975), (7947, 19761), (19273, 21890), (17822, 14236), (19583, 5850), (20028, 14879), (17177, 10873), (1663, 1900), (6567, 24601), (7141, 13516), (14146, 16211), (414, 6168), (8928, 3824), (8051, 12462), (3787, 11633), (4514, 6406), (7895, 20792), (5661, 10125), (6459, 21017), (3478, 19551), (14821, 15448), (9833, 17058), (1174, 7593), (11440, 22617), (1046, 22217), (8303, 18036), (4569, 20411), (4464, 14674), (17516, 13682), (13621, 13305), (8699, 4332), (4805, 24704), (11206, 2224), (17789, 10396), (12662, 24096), (3665, 314), (17466, 24594), (10784, 564), (17644, 20744), (29, 22718), (4060, 9343), (15034, 10418), (16048, 9502), (12167, 22721), (16668, 14730), (15216, 5776), (16295, 19011), (5281, 8893), (4988, 10828), (3897, 4502), (18533, 13848), (18515, 2228), (15930, 14832), (2011, 21274), (1644, 4723), (4548, 12287), (12040, 8314), (20319, 19303), (1717, 19790), (18133, 7417), (13797, 22614), (836, 14945), (2256, 20155), (10615, 10398), (17711, 20345), (1205, 7408), (8334, 19836), (8921, 1418), (13841, 3224), (20527, 9907), (1166, 330), (16476, 6582), (8177, 3275), (17216, 9477), (15065, 16037), (19864, 15658), (8159, 4155), (18046, 15754), (8921, 1418), (12249, 4249), (533, 20496), (3776, 19025), (6593, 1331), (7190, 14366), (12618, 9912), (11350, 5047), (13847, 10619), (15127, 5857), (4824, 6657), (3564, 919), (6552, 6460), (12817, 14493), (767, 5219), (4917, 5548), (13725, 7871), (1094, 723), (5264, 11005), (7067, 10251), (7365, 24135), (19844, 8046), (19465, 5112), (13100, 15000), (16627, 23142), (14792, 22606), (15648, 21499)]
Standard algorithm is selected
Read Graphs time: 0.0003037452697753906
Iter num: 1
seed size = 300
Seed are expanded
Correct = 308, Wrong = 92
Correct = 310, Wrong = 490
Correct = 313, Wrong = 887
Correct = 315, Wrong = 1285
Correct = 322, Wrong = 1678
Correct = 327, Wrong = 2073
Correct = 328, Wrong = 2472
Correct = 331, Wrong = 2869
Correct = 335, Wrong = 3265
Correct = 336, Wrong = 3664
Correct = 341, Wrong = 4059
Correct = 349, Wrong = 4451
Correct = 360, Wrong = 4840
In progress... (6213236)
[5000] select the unmatched pair [8222,5623]
score map size = 21615783
Correct = 363, Wrong = 5237
Correct = 370, Wrong = 5630
Correct = 374, Wrong = 6026
Correct = 374, Wrong = 6426
Correct = 374, Wrong = 6826
Correct = 379, Wrong = 7221
Correct = 381, Wrong = 7619
Correct = 384, Wrong = 8016
Correct = 386, Wrong = 8414
Correct = 387, Wrong = 8813
Correct = 389, Wrong = 9211
Correct = 391, Wrong = 9609
Finish with inactive_pairs
Extended seed size:  309978
Iter num: 2
seed size = 309978
Seed are expanded
In progress... (574430)
[10000] select the unmatched pair [11397,19794]
score map size = 24084129
Correct = 393, Wrong = 10007
Correct = 395, Wrong = 10405
Correct = 397, Wrong = 10803
Correct = 399, Wrong = 11201
Correct = 400, Wrong = 11600
Correct = 401, Wrong = 11999
Correct = 402, Wrong = 12398
Correct = 403, Wrong = 12797
Correct = 403, Wrong = 13197
Correct = 403, Wrong = 13597
Correct = 403, Wrong = 13997
Correct = 404, Wrong = 14396
Finish with inactive_pairs
Extended seed size:  2350
Iter num: 3
seed size = 2350
Seed are expanded
Finish with inactive_pairs
Extended seed size:  20
Iter num: 4
seed size = 20
Seed are expanded
Finish with inactive_pairs
Extended seed size:  0
Execution time: 314.0886940956116
------RESULT-------
	for lN = 20794, rN = 24800, |seed_0| = 300
	MATCHED =  14864
		CORRECT = 404; WRONG = 14460
	Recall = 0.019429
	Precision = 0.027180
	F1-score = 0.022660
