/home/ildar/diplom/graphmatching/data/inst_lid_rid.csv
IGRAPH UN-- 20794 240414 -- 
+ attr: name (v)
/home/ildar/diplom/graphmatching/data/vk_lid_rid.csv
IGRAPH UN-- 24800 463468 -- 
+ attr: name (v)
[(16012, 19371), (18269, 23185), (9069, 8816), (6479, 2683), (14807, 23132), (16169, 12384), (14595, 17973), (8475, 6807), (12526, 12385), (19705, 11666), (6862, 15694), (7610, 6263), (8106, 9129), (12585, 5574), (15911, 17267), (4212, 21439), (13285, 11348), (4350, 4296), (13518, 9430), (2668, 143), (4089, 6826), (6949, 19217), (6972, 24129), (4585, 13889), (4011, 687), (534, 3437), (20636, 9080), (545, 388), (14356, 13911), (11966, 8630), (16708, 16468), (15498, 11370), (3184, 5842), (2499, 11509), (18167, 8940), (10767, 2751), (10184, 23047), (14223, 24737), (2497, 292), (2578, 11141), (15138, 9837), (19358, 19401), (1277, 379), (4624, 20384), (4657, 10607), (14175, 14044), (14236, 17098), (3019, 11525), (10804, 24012), (19301, 21392), (6775, 156), (16899, 6402), (9268, 3466), (3931, 4431), (8535, 5853), (9867, 10543), (13911, 19032), (13721, 18364), (6357, 4196), (7939, 7317), (1595, 584), (800, 15589), (3731, 2371), (16596, 5203), (1763, 3829), (20149, 19239), (19889, 16033), (15669, 4310), (6750, 16104), (1240, 18615), (282, 19797), (7966, 8703), (8175, 4945), (15739, 5647), (581, 22910), (9062, 21501), (19243, 20313), (1687, 21850), (8488, 20376), (899, 1349), (4307, 15155), (9842, 24429), (11759, 11670), (10240, 5338), (18017, 17053), (19644, 23464), (7527, 18399), (3504, 19275), (5981, 16191), (452, 18473), (1600, 5176), (6809, 4526), (11839, 9797), (18538, 14830), (6319, 1752), (9784, 10), (3751, 854), (6938, 5661), (8975, 15474), (9600, 4269), (14375, 14858), (15294, 5790), (13107, 22181), (8564, 20148), (2279, 1156), (13277, 18188), (19936, 4953), (11066, 7183), (6394, 23814), (15869, 10721), (18452, 12327), (10714, 22987), (2478, 14321), (15793, 8433), (12864, 12751), (11140, 24577), (1090, 363), (19987, 19049), (1216, 1173), (6871, 3731), (4088, 8492), (19569, 15884), (16286, 15959), (8138, 12242), (11886, 6096), (3213, 4183), (8907, 17131), (17694, 12679), (3975, 2527), (2406, 10825), (12344, 15336), (9199, 8589), (242, 2842), (17168, 20674), (16218, 13506), (10470, 4528), (12978, 21702), (11567, 6986), (4584, 14303), (13061, 2353), (20019, 5312), (13947, 23191), (10731, 24694), (19813, 20310), (12782, 9248), (984, 10534), (17428, 5357), (15232, 1684), (7118, 8864), (13434, 11708), (19046, 14458), (756, 13956), (8614, 21335), (7593, 10816), (281, 17790), (8626, 5772), (8947, 11344), (17230, 9108), (11960, 13247), (8539, 20319), (5246, 24423), (11132, 209), (1346, 2142), (14797, 19198), (5135, 19722), (7683, 21870), (18323, 10202), (9111, 16693), (3015, 7872), (17685, 17380), (2598, 3269), (9996, 21997), (11099, 3991), (18245, 15780), (15220, 15145), (17727, 24652), (4311, 13427), (18846, 15633), (8186, 11180), (11092, 8391), (6066, 6257), (9817, 12672), (5853, 8919), (1249, 6519), (19893, 18380), (19733, 3834), (3046, 9292), (8762, 20211), (6714, 10615), (1720, 19108), (18820, 11717), (11944, 4911), (14019, 11054), (8739, 21476), (11877, 298), (2390, 1374), (12832, 7673), (19182, 13097), (7388, 8386), (10893, 18049), (12451, 23888), (3485, 690), (20399, 869), (6668, 2457), (18457, 17273), (11627, 12586), (15450, 15404), (11447, 21589), (12531, 8667), (18363, 5912), (6141, 8695), (12183, 20874), (17585, 11603), (4548, 12287), (17417, 17898), (16034, 21823), (5150, 8054), (16382, 15242), (15616, 16465), (5475, 9573), (17698, 9399), (418, 19989), (20341, 2236), (6557, 17881), (1204, 4458), (18786, 8045), (11896, 20843), (12105, 14135), (5659, 15664), (2363, 21120), (11410, 278), (3774, 11755), (11359, 12874), (9797, 6325), (339, 19754), (6571, 7073), (4829, 21518), (9709, 4506), (5997, 7353), (2335, 1321), (7303, 10425), (9053, 8575), (13933, 14636), (5298, 9403), (16194, 12226), (10534, 8950), (9741, 13983), (9235, 1838), (15772, 14495), (17506, 13831), (18911, 13321), (5628, 24328), (5710, 5239), (1900, 9597), (18410, 24746), (6537, 14755), (938, 14486), (6136, 7104), (7255, 11852), (8774, 9436), (16305, 10455), (1875, 19354), (18517, 15763), (753, 7392), (5949, 2605), (8007, 159), (5735, 3665), (9099, 17020), (13560, 6637), (10020, 11971), (14155, 18572), (1550, 6689), (8208, 45), (9288, 18332), (8101, 6638), (8467, 7394), (13312, 12805), (11567, 6986), (12402, 24175), (15583, 10792), (13160, 17476), (5342, 7046), (12661, 7481), (18456, 21793), (20210, 15719), (14228, 14338), (3871, 19067), (18644, 12590), (6593, 1331), (8471, 19893), (6679, 6676), (20348, 16717), (19323, 19124), (3827, 19224), (1379, 3555), (12368, 5922), (5396, 3525), (7697, 24441), (2488, 316), (18347, 21299), (10143, 8642), (7043, 10947), (16723, 17227), (10038, 11067), (11042, 14004), (3325, 16029), (17894, 13436), (15334, 13380), (7008, 7879), (5348, 14229), (7936, 7015), (7629, 15391), (20691, 19731), (3207, 5319), (8767, 5607), (1843, 8694), (2956, 20098), (8151, 3108), (11939, 2746), (13979, 643), (3370, 23603), (8613, 2583), (359, 10037), (15666, 24359), (18022, 16502), (17348, 22799), (18778, 2579), (6889, 24642), (18358, 10780), (6969, 17133), (13476, 18883), (9586, 14132), (20471, 9533), (17511, 14546), (13034, 19075), (20556, 15706), (7164, 1701), (3343, 21118), (4814, 5634), (489, 17492), (3459, 1167), (10681, 6435), (18914, 8620), (17218, 17199), (9345, 4219), (4829, 21518), (10236, 18185), (1907, 20274), (9951, 22163), (2944, 11992), (12195, 4124), (6237, 5903), (6730, 3664), (19430, 15610), (9150, 5054), (20649, 18451), (3373, 881), (4425, 11363), (2223, 19632), (18403, 18530), (1426, 476), (7126, 8584), (14604, 6959), (6476, 9262), (18406, 14136), (1647, 17815), (12609, 10955), (1847, 5719), (19390, 15652), (13551, 13679), (1368, 904), (1302, 24040), (18877, 10450), (3440, 4885), (5244, 24424), (7668, 14145), (2574, 2437), (18506, 13240), (17236, 11003), (7738, 3017), (1189, 23196), (6243, 5512), (17436, 12944), (8501, 5940), (346, 4855), (17734, 8949), (4958, 6844), (1632, 4063), (15603, 6939), (5691, 21743), (15259, 1333), (9536, 7701), (6266, 23940), (12011, 8482), (19171, 13479), (13029, 8581), (7977, 9471), (15827, 10921), (6809, 4526), (16675, 12641), (9727, 6379), (1376, 23911), (6369, 10729), (9304, 22550), (6847, 1908), (16460, 16094), (18817, 12826), (8074, 5122), (12262, 14516), (18407, 10271), (19802, 16135), (7774, 9110), (9753, 8718), (9914, 20298), (13322, 10243), (607, 22687), (19174, 13687), (16969, 10528), (17607, 15690), (1040, 22068), (5012, 13015), (16135, 12442), (18295, 16034), (10335, 2948), (14809, 8732), (15094, 10689), (10971, 16379), (447, 24610), (13943, 5927), (8783, 2936), (15046, 23059), (514, 273), (6888, 9204), (9121, 9317), (18666, 15554), (3787, 11633), (18640, 17080), (13521, 2185), (16311, 10610), (14301, 16183), (8551, 21225), (6148, 13638), (14412, 17582), (16032, 9972), (11059, 4999), (3742, 7020), (20740, 11021), (8893, 638), (14039, 9221), (10944, 16684)]
Standard algorithm is selected
Read Graphs time: 0.0003802776336669922
Iter num: 1
seed size = 450
Seed are expanded
Correct = 451, Wrong = 349
Correct = 453, Wrong = 747
Correct = 455, Wrong = 1145
Correct = 458, Wrong = 1542
Correct = 463, Wrong = 1937
Correct = 467, Wrong = 2333
Correct = 472, Wrong = 2728
Correct = 478, Wrong = 3122
Correct = 483, Wrong = 3517
Correct = 487, Wrong = 3913
Correct = 497, Wrong = 4303
Correct = 502, Wrong = 4698
In progress... (6140376)
[5000] select the unmatched pair [7698,6897]
score map size = 21150020
Correct = 507, Wrong = 5093
Correct = 510, Wrong = 5490
Correct = 511, Wrong = 5889
Correct = 516, Wrong = 6284
Correct = 516, Wrong = 6684
Correct = 529, Wrong = 7071
Correct = 548, Wrong = 7452
Correct = 551, Wrong = 7849
Correct = 559, Wrong = 8241
Correct = 563, Wrong = 8637
Correct = 569, Wrong = 9031
Correct = 572, Wrong = 9428
Finish with inactive_pairs
Extended seed size:  290475
Iter num: 2
seed size = 290475
Seed are expanded
Correct = 576, Wrong = 9824
In progress... (339788)
[10000] select the unmatched pair [14184,6465]
score map size = 23319974
Correct = 578, Wrong = 10222
Correct = 580, Wrong = 10620
Correct = 581, Wrong = 11019
Correct = 582, Wrong = 11418
Correct = 586, Wrong = 11814
Correct = 586, Wrong = 12214
Correct = 589, Wrong = 12611
Correct = 592, Wrong = 13008
Correct = 594, Wrong = 13406
Correct = 595, Wrong = 13805
Correct = 596, Wrong = 14204
Finish with inactive_pairs
Extended seed size:  2368
Iter num: 3
seed size = 2368
Seed are expanded
Finish with inactive_pairs
Extended seed size:  8
Iter num: 4
seed size = 8
Seed are expanded
Finish with inactive_pairs
Extended seed size:  0
Execution time: 313.38234877586365
------RESULT-------
	for lN = 20794, rN = 24800, |seed_0| = 450
	MATCHED =  14849
		CORRECT = 596; WRONG = 14253
	Recall = 0.028662
	Precision = 0.040137
	F1-score = 0.033443
