/home/ildar/diplom/graphmatching/data/inst_lid_rid.csv
IGRAPH UN-- 20794 240414 -- 
+ attr: name (v)
/home/ildar/diplom/graphmatching/data/vk_lid_rid.csv
IGRAPH UN-- 24800 463468 -- 
+ attr: name (v)
[(2902, 19685), (3837, 206), (10261, 297), (17045, 3647), (3177, 16087), (13194, 10912), (4026, 21448), (18421, 10690), (3186, 150), (8272, 10894), (10327, 19795), (17370, 24475), (19241, 11794), (19599, 16234), (18139, 8962), (13168, 16466), (3887, 3467), (18262, 18911), (19294, 8711), (16459, 11088), (9839, 19700), (11713, 24454), (14310, 19430), (2261, 5155), (15432, 12483), (14282, 11119), (20237, 16843), (14665, 3296), (5482, 19848), (3666, 9251), (16606, 4828), (843, 2045), (15659, 23069), (17154, 14225), (4610, 11282), (6519, 9786), (7069, 8209), (20050, 8156), (9539, 10518), (3131, 22432), (799, 6787), (1870, 12137), (3987, 9962), (13402, 13590), (6114, 774), (10098, 23421), (14272, 15964), (886, 1496), (6939, 24389), (6043, 3321), (5968, 15022), (15514, 15555), (8049, 14697), (10586, 5561), (11042, 14004), (4312, 6011), (7555, 4672), (1430, 23745), (2899, 21817), (15987, 12088), (1676, 1458), (19028, 3425), (12626, 8073), (8028, 1466), (9988, 9349), (16395, 23972), (17463, 13046), (10016, 2117), (18657, 1216), (17881, 4429), (8191, 3240), (17719, 11402), (5388, 10538), (14505, 21802), (15653, 17818), (8019, 1089), (15332, 15230), (17370, 24475), (9518, 1261), (1054, 8236), (8494, 5658), (1766, 11681), (13720, 14280), (6121, 18292), (7604, 14287), (3806, 3795), (6183, 2465), (7680, 18252), (13387, 21190), (8597, 11380), (1073, 1799), (897, 17214), (8529, 8376), (4285, 11461), (12819, 14154), (586, 19656), (9124, 20719), (2896, 4507), (17069, 2741), (7825, 9073), (1761, 20485), (6058, 8406), (9955, 5404), (19423, 9866), (16559, 16802), (619, 10013), (7457, 22861), (19293, 13743), (19445, 22028), (7780, 1148), (16247, 21064), (13532, 4820), (10181, 6710), (19836, 20108), (11219, 14189), (9706, 9625), (6614, 9097), (9031, 10118), (20162, 22711), (1911, 20912), (3779, 7550), (10871, 8719), (8514, 1602), (11103, 9352), (12705, 9756), (15285, 11716), (8901, 15053), (7852, 21553), (18758, 15367), (3794, 19200), (1675, 10277), (9259, 20692), (6123, 8015), (18505, 2036), (3412, 692), (19397, 18372), (13454, 2258), (13414, 2198), (4756, 16954), (6234, 6736), (18658, 23021), (17356, 15622), (16700, 5358), (19839, 8346), (1186, 46), (11213, 20300), (15258, 4179), (1805, 1264), (2355, 20832), (7824, 3667), (10736, 24713), (4747, 18754), (13743, 14276), (7907, 8047), (13546, 18110), (13596, 685), (6210, 24385), (20680, 18693), (14111, 15494), (12185, 21899), (9123, 1429), (2315, 11810), (375, 13307), (297, 11872), (3455, 19771), (10037, 6166), (3965, 4437), (1831, 11959), (5870, 18573), (3606, 10193), (1529, 3825), (4316, 5198), (11348, 14639), (970, 6428), (17680, 10473), (19586, 12330), (10209, 21215), (13029, 8581), (20658, 16976), (3757, 1188), (15890, 7796), (16875, 23725), (872, 3638), (17407, 4969), (11274, 3854), (13989, 12179), (4135, 18755), (13520, 18633), (6698, 5435), (8059, 13975), (19761, 12997), (9146, 8267), (19820, 15478), (13486, 15424), (4879, 4434), (8182, 8693), (10625, 8243), (10708, 1545), (1124, 1793), (11230, 21646), (1802, 24419), (10243, 17812), (5079, 16959), (13447, 23480), (17038, 13890), (3481, 11880), (18015, 10116), (1726, 4531), (11121, 7149), (4962, 2497), (13503, 4197), (15124, 14268), (7543, 12054), (6912, 7176), (10506, 1093), (14404, 20276), (14015, 18089), (18733, 20249), (7379, 24061), (16565, 14924), (2431, 22079), (2286, 390), (17314, 23562), (7960, 5031), (456, 4357), (7037, 4575), (6808, 13219), (7309, 3491), (9993, 3879), (1724, 16118), (14526, 3383), (4307, 15155), (1446, 6898), (19793, 17413), (4838, 19573), (14505, 21802), (15892, 12150), (20392, 14414), (9317, 9560), (12719, 21178), (4409, 3548), (18532, 13480), (9554, 6296), (7207, 7865), (9586, 14132), (9812, 4141), (6879, 6845), (10496, 8484), (5255, 6006), (6094, 1), (4911, 12411), (15515, 7069), (730, 12561), (14566, 2099), (14029, 11190), (8917, 6132), (8113, 5018), (12083, 4189), (15637, 19522), (20019, 5312), (15940, 5861), (5370, 2989), (3785, 15986), (1049, 9181), (7973, 1862), (19989, 13196), (19655, 13364), (4996, 6249), (17335, 8594), (19087, 18647), (4586, 8739), (19097, 22948), (5846, 7424), (2997, 651), (16325, 23836), (921, 1910), (10462, 16778), (4501, 20499), (12596, 8645), (14078, 4119)]
Standard algorithm is selected
Read Graphs time: 0.0003056526184082031
Iter num: 1
seed size = 280
Seed are expanded
Correct = 291, Wrong = 109
Correct = 292, Wrong = 508
Correct = 292, Wrong = 908
Correct = 296, Wrong = 1304
Correct = 297, Wrong = 1703
Correct = 298, Wrong = 2102
Correct = 299, Wrong = 2501
Correct = 300, Wrong = 2900
Correct = 302, Wrong = 3298
Correct = 307, Wrong = 3693
Correct = 311, Wrong = 4089
Correct = 317, Wrong = 4483
Correct = 320, Wrong = 4880
In progress... (6507849)
[5000] select the unmatched pair [9070,14746]
score map size = 22387482
Correct = 324, Wrong = 5276
Correct = 331, Wrong = 5669
Correct = 334, Wrong = 6066
Correct = 335, Wrong = 6465
Correct = 335, Wrong = 6865
Correct = 340, Wrong = 7260
Correct = 340, Wrong = 7660
Correct = 342, Wrong = 8058
Correct = 347, Wrong = 8453
Correct = 348, Wrong = 8852
Correct = 350, Wrong = 9250
Correct = 351, Wrong = 9649
Finish with inactive_pairs
Extended seed size:  304720
Iter num: 2
seed size = 304720
Seed are expanded
In progress... (545930)
[10000] select the unmatched pair [14727,19360]
score map size = 24827843
Correct = 352, Wrong = 10048
Correct = 352, Wrong = 10448
Correct = 352, Wrong = 10848
Correct = 353, Wrong = 11247
Correct = 353, Wrong = 11647
Correct = 353, Wrong = 12047
Correct = 353, Wrong = 12447
Correct = 354, Wrong = 12846
Correct = 355, Wrong = 13245
Correct = 356, Wrong = 13644
Correct = 358, Wrong = 14042
Finish with inactive_pairs
Extended seed size:  2354
Iter num: 3
seed size = 2354
Seed are expanded
Finish with inactive_pairs
Extended seed size:  11
Iter num: 4
seed size = 11
Seed are expanded
Finish with inactive_pairs
Extended seed size:  0
Execution time: 330.59023451805115
------RESULT-------
	for lN = 20794, rN = 24800, |seed_0| = 280
	MATCHED =  14763
		CORRECT = 358; WRONG = 14405
	Recall = 0.017217
	Precision = 0.024250
	F1-score = 0.020137
