/home/ildar/diplom/graphmatching/data/inst_lid_rid.csv
IGRAPH UN-- 20794 240414 -- 
+ attr: name (v)
/home/ildar/diplom/graphmatching/data/vk_lid_rid.csv
IGRAPH UN-- 24800 463468 -- 
+ attr: name (v)
[(17273, 31), (5143, 12009), (10732, 20695), (2357, 6184), (4759, 19249), (12003, 1164), (14751, 7699), (16545, 6918), (9106, 12397), (7129, 1685), (277, 6896), (19534, 3427), (10094, 5620), (7562, 24006), (3405, 20552), (4585, 13889), (14829, 16901), (1212, 23297), (8246, 5329), (5470, 4137), (9678, 20787), (984, 10534), (1642, 23863), (242, 2842), (20236, 16844), (4437, 1537), (11985, 16114), (20462, 8044), (9877, 11699), (5980, 19642), (1752, 3815), (18557, 7086), (14092, 11290), (5091, 12101), (6409, 14339), (16239, 21504), (5391, 17103), (13141, 17864), (5561, 2001), (542, 9433), (16809, 6433), (3408, 20841), (2938, 21438), (15314, 17526), (19028, 3425), (5954, 14026), (647, 19935), (13464, 6562), (8458, 13965), (1291, 18244), (8688, 23876), (5061, 21729), (4972, 23), (9673, 15879), (11228, 18104), (15419, 24203), (17093, 19843), (3339, 6776), (4553, 4693), (3300, 8791), (6759, 12508), (10416, 5824), (12806, 15792), (15336, 5822), (15682, 12676), (18396, 16130), (9816, 394), (1599, 15143), (18911, 13321), (13879, 7881), (6230, 4750), (12318, 20117), (6464, 19765), (14867, 3424), (14546, 11821), (10737, 12894), (11002, 22511), (14252, 3852), (13503, 4197), (8767, 5607), (11350, 5047), (11464, 419), (1674, 1625), (14271, 7993), (18858, 17411), (2330, 1224), (8995, 9140), (16570, 15612), (1784, 20963), (1402, 11827), (351, 3537), (7406, 9623), (13128, 3615), (18138, 15462), (16826, 3627), (2484, 649), (2723, 18011), (18024, 4493), (14162, 13725), (6967, 5192), (1652, 2878), (12710, 7547), (4788, 9518), (9152, 7489), (11707, 10801), (15124, 14268), (16453, 16456), (10775, 5950), (5286, 19919), (14373, 7883), (7808, 10183), (15289, 9124), (10875, 2027), (2229, 21375), (7637, 21938), (20472, 4806), (11326, 7779), (17578, 15265), (2936, 19994), (17503, 11447), (1730, 3438), (9923, 16152), (18024, 4493), (7922, 6864), (17263, 24131), (15277, 6260), (9567, 12146), (472, 5624), (10871, 8719), (16256, 4407), (6946, 22029), (13985, 3053), (1571, 17128), (17942, 12589), (10392, 2422), (5877, 14033), (11651, 24133), (217, 3566), (3695, 20962), (9993, 3879), (12129, 19310), (10570, 24205), (12338, 17830), (19664, 20536), (10944, 16684), (3828, 13089), (18911, 13321), (5726, 23834), (5067, 5604), (18937, 19051), (20085, 7143), (13375, 23289), (6455, 24032), (1611, 11807), (1457, 5798), (8877, 21923), (2065, 20689), (6453, 19687), (1768, 2023), (9807, 5816), (7227, 6052), (10218, 1670), (4141, 5060), (17033, 12284), (17024, 10609), (9467, 13468), (11624, 7606), (19110, 2708), (16254, 8233), (17518, 24701), (11712, 13830), (5801, 4727), (1404, 1309), (14477, 11374), (441, 6891), (16560, 8256), (2894, 5292), (20110, 17265), (17933, 11641), (11970, 17017), (6166, 714), (3112, 20495), (16986, 14993), (3539, 17922), (1405, 553), (7616, 16598), (10567, 22306), (15607, 17042), (2409, 1589), (6979, 2066), (1293, 403), (18291, 8051), (396, 22591), (8789, 4068), (13964, 12721), (20748, 23661), (16812, 16669), (16571, 2170), (12666, 2037), (18785, 12448), (12971, 10388), (4346, 23889), (13149, 13905), (13278, 18805), (6135, 6216), (4048, 13005), (6572, 5193), (5173, 24436), (14525, 14142), (5671, 24369), (10320, 21155), (12439, 19574), (4335, 13067), (342, 6047), (10961, 20107), (16500, 15199), (14625, 2299), (3294, 2645), (3795, 18018), (2216, 19566), (11382, 22943), (19107, 15577), (4933, 5215), (18767, 18412), (2468, 375), (7373, 4325), (7408, 6509), (20108, 10493), (20624, 15973), (1916, 8637), (9845, 8139), (4397, 21642), (4177, 1646), (7827, 1872), (9980, 20040), (8675, 1481), (9573, 5481), (1709, 1273), (16810, 11600), (6974, 24727), (7700, 1014), (556, 9765), (15905, 9955), (12134, 19963), (19593, 17595), (16165, 15852), (12327, 796), (319, 2179), (6864, 3950), (6688, 10933), (4596, 842), (18330, 18157), (16734, 13761), (16938, 18577), (9285, 12671), (5343, 11322), (526, 22603), (15852, 10179), (5432, 1711), (13604, 12276), (16553, 3758), (20055, 24795), (17537, 19879), (3981, 3657), (18737, 22520), (17165, 11167), (1399, 12550), (8734, 10569), (18999, 17578), (1244, 20569), (9283, 23839), (13686, 836), (6413, 20992), (18291, 8051), (18298, 17275), (5388, 10538), (6376, 23271), (12267, 6805), (11941, 18127), (16659, 16426), (20514, 16591), (12913, 6463), (11449, 20126), (14053, 15130), (2004, 9868), (10411, 5344), (11995, 21295), (5870, 18573), (6380, 22989), (12984, 9734), (10675, 3778), (17475, 2807), (17066, 5584), (10193, 5237), (10341, 24165), (5181, 20138), (3264, 15340), (8202, 2397), (8400, 948), (3207, 5319), (11969, 6024), (2112, 22304), (5471, 9990), (6057, 4082), (15042, 8538), (12248, 1557), (17196, 22188), (17892, 8248), (20625, 20873), (11266, 24030), (15782, 17238), (17643, 14585), (15972, 13272), (13797, 22614), (15708, 14927), (18575, 10725), (6716, 13057), (14157, 195), (100, 608), (7528, 24538), (17700, 21800), (5899, 14115), (19689, 24521), (16273, 9529), (16619, 3171), (12932, 16642), (2163, 13631), (15484, 13498), (3912, 10129), (6449, 16142), (4693, 6018), (9139, 20195), (693, 197), (10120, 6633), (17579, 15674), (15238, 23300), (9076, 13888), (3150, 8404), (16257, 18738), (1508, 2897), (9651, 1704), (11355, 15791), (2311, 2006), (4865, 17969), (12764, 24435), (11904, 10281), (7776, 5437), (4376, 8150), (14028, 17160), (17260, 15526), (3750, 24142), (10116, 3347), (1207, 1770), (20693, 6477), (19170, 18662), (12959, 8164), (17468, 1211), (4635, 10428), (6550, 14041), (12246, 9457), (17259, 9503), (14905, 20334), (17658, 12420), (4184, 1654), (19835, 3388), (16755, 23467), (13162, 9928), (1727, 24257), (15333, 22650), (5355, 15761), (5740, 12867), (18629, 5931), (12198, 4288), (550, 20525), (8221, 6911), (11987, 16095), (15478, 7356), (6026, 5981), (6082, 1249), (16105, 10597), (7332, 4187), (4898, 1071), (7348, 20299), (88, 1510), (5164, 6933), (9698, 7211), (13027, 10480), (20330, 23066), (2664, 6861), (14280, 15640), (181, 1911), (9577, 7026), (3908, 251), (8339, 5077), (13505, 4605), (17594, 16584), (5534, 4651), (3517, 17892), (19016, 4380), (3674, 22668), (2201, 10812), (373, 17130), (6252, 4618), (19376, 22168), (6319, 1752), (8853, 19377), (11855, 4641), (5358, 24771), (11752, 7025), (16133, 10872), (3602, 624), (13812, 13497), (9007, 10718), (6736, 165), (14990, 10913), (8689, 2652), (15397, 22279), (10620, 10406), (15490, 16529), (2462, 982), (749, 6967), (2055, 18982), (4644, 17353), (7234, 6007), (18931, 16355), (2408, 7048), (13626, 4098), (18308, 2004), (7680, 18252), (2734, 21097), (8293, 15858), (5136, 626), (13081, 14954), (1567, 387), (6436, 17123), (5317, 14757), (13859, 19478), (19767, 14770), (12994, 1392), (11217, 23804), (4596, 842), (19121, 3972), (17933, 11641), (6270, 2737), (10192, 6129), (20130, 6579), (3149, 74), (20777, 9319), (16388, 18554), (4115, 3409), (7757, 19166), (7408, 6509), (1825, 21173), (3136, 21695), (7905, 6307), (6232, 6830), (3542, 2962), (11218, 2029), (6195, 3917), (12664, 5897), (5980, 19642), (18952, 13813), (4261, 16607), (2179, 20474), (8505, 5594), (10819, 22299), (3883, 17867), (5453, 3495), (8831, 8537), (11487, 10451), (14501, 24473), (6670, 3301), (17570, 19747), (15796, 12692), (17496, 12613), (3890, 5712), (7160, 21756), (10405, 12973), (3832, 4925), (15609, 9704), (11075, 6791), (19988, 4362), (8954, 5889), (8317, 7256), (19323, 19124), (771, 24213), (17123, 22399), (15407, 1439), (13869, 24633), (18722, 21691), (12707, 19147), (10635, 16001), (13411, 1379), (2987, 1222), (16103, 9466), (8655, 5209), (10410, 8850), (8465, 22103), (17783, 10990), (4322, 4930), (4465, 19899), (20253, 12763), (875, 10198), (15159, 6324), (15813, 8934), (11709, 17141), (595, 9840), (9019, 23441), (1624, 1937), (8799, 24179), (13600, 18386), (8565, 22468), (16983, 13778), (14701, 20861), (18872, 16667), (3321, 2953), (16957, 15016), (13451, 13143), (13098, 4097), (5741, 24266), (17477, 9508), (19355, 19701), (10895, 12352), (7496, 14095), (1519, 9521), (8203, 2839), (15250, 14422), (2602, 19003), (12922, 18740), (17331, 20180), (13188, 21085), (1404, 1309), (347, 15766), (7365, 24135), (17477, 9508), (4337, 19627), (3023, 5073), (18546, 18025), (16225, 13146), (11003, 24484), (18924, 21060), (4719, 6201), (2689, 14168), (12605, 12644), (7314, 2259), (14044, 19535), (17586, 11602), (565, 7365), (12479, 14441), (11056, 20680)]
Standard algorithm is selected
Read Graphs time: 0.0004150867462158203
Iter num: 1
seed size = 550
Seed are expanded
Correct = 551, Wrong = 249
Correct = 557, Wrong = 643
Correct = 569, Wrong = 1031
Correct = 585, Wrong = 1415
Correct = 589, Wrong = 1811
Correct = 603, Wrong = 2197
Correct = 616, Wrong = 2584
Correct = 623, Wrong = 2977
Correct = 631, Wrong = 3369
Correct = 644, Wrong = 3756
Correct = 653, Wrong = 4147
Correct = 673, Wrong = 4527
In progress... (6530701)
[5000] select the unmatched pair [2220,20476]
score map size = 22257904
Correct = 677, Wrong = 4923
Correct = 687, Wrong = 5313
Correct = 696, Wrong = 5704
Correct = 698, Wrong = 6102
Correct = 700, Wrong = 6500
Correct = 707, Wrong = 6893
Correct = 708, Wrong = 7292
Correct = 733, Wrong = 7667
Correct = 741, Wrong = 8059
Correct = 755, Wrong = 8445
Correct = 765, Wrong = 8835
Correct = 775, Wrong = 9225
Correct = 779, Wrong = 9621
Finish with inactive_pairs
Extended seed size:  277137
Iter num: 2
seed size = 277137
Seed are expanded
In progress... (376935)
[10000] select the unmatched pair [17057,20892]
score map size = 24304551
Correct = 783, Wrong = 10017
Correct = 787, Wrong = 10413
Correct = 789, Wrong = 10811
Correct = 791, Wrong = 11209
Correct = 791, Wrong = 11609
Correct = 793, Wrong = 12007
Correct = 796, Wrong = 12404
Correct = 799, Wrong = 12801
Correct = 800, Wrong = 13200
Correct = 803, Wrong = 13597
Correct = 805, Wrong = 13995
Finish with inactive_pairs
Extended seed size:  2263
Iter num: 3
seed size = 2263
Seed are expanded
Finish with inactive_pairs
Extended seed size:  11
Iter num: 4
seed size = 11
Seed are expanded
Finish with inactive_pairs
Extended seed size:  0
Execution time: 317.22754526138306
------RESULT-------
	for lN = 20794, rN = 24800, |seed_0| = 550
	MATCHED =  14869
		CORRECT = 805; WRONG = 14064
	Recall = 0.038713
	Precision = 0.054139
	F1-score = 0.045145
