/home/ildar/diplom/graphmatching/data/inst_lid_rid.csv
IGRAPH UN-- 20794 240414 -- 
+ attr: name (v)
/home/ildar/diplom/graphmatching/data/vk_lid_rid.csv
IGRAPH UN-- 24800 463468 -- 
+ attr: name (v)
[(16160, 23263), (9045, 2959), (18904, 12309), (15869, 10721), (12671, 13277), (10683, 19442), (12720, 5697), (11269, 6218), (18353, 16039), (5208, 20665), (17995, 19043), (12275, 5145), (3026, 285), (3672, 19252), (10378, 10591), (1524, 6825), (8171, 7220), (4990, 21999), (4388, 18835), (7533, 6391), (14241, 17378), (2103, 17454), (17398, 22923), (14923, 20577), (11470, 4039), (6418, 1146), (19955, 16737), (8928, 3824), (6305, 1587), (7168, 22854), (283, 11281), (13766, 6550), (6179, 8085), (19231, 24587), (10083, 5622), (4046, 4845), (10465, 7450), (19779, 7766), (13568, 12569), (3622, 864), (19020, 17299), (10675, 3778), (13238, 4709), (19583, 5850), (13726, 23594), (12261, 16839), (5478, 8574), (18117, 18838), (18112, 3906), (14672, 18988), (19660, 22717), (12549, 1214), (2738, 21148), (2535, 2501), (7961, 6328), (17430, 11840), (20311, 11739), (17367, 7279), (5429, 21541), (2854, 19254), (5212, 18479), (3097, 23260), (18598, 11779), (3320, 3204), (9056, 18870), (15252, 12115), (3294, 2645), (20063, 21020), (360, 24066), (12339, 18896), (5491, 11510), (8978, 11761), (3670, 8016), (9913, 3420), (20785, 7851), (4944, 15604), (593, 12654), (7210, 7217), (15054, 9429), (486, 8078), (3530, 23683), (3667, 20408), (7820, 1247), (7011, 448), (16847, 15592), (3676, 22666), (12532, 2110), (8962, 22795), (217, 3566), (7188, 19543), (19559, 14066), (7395, 11634), (3005, 6055), (17019, 13318), (8702, 11497), (13510, 15394), (8118, 13828), (5844, 24550), (4664, 2504), (16577, 23555), (8847, 20389), (12752, 9979), (1755, 23318), (8805, 6952), (16531, 22637), (17186, 12623), (4227, 11816), (1783, 244), (14064, 1798), (11784, 2445), (4851, 2482), (4142, 23551), (1892, 15469), (4017, 6792), (2511, 7156), (5622, 17809), (10909, 392), (17793, 21688), (17516, 13682), (16314, 18836), (8394, 22336), (9625, 2147), (11967, 2760), (18125, 7798), (3987, 9962), (20783, 17846), (15213, 12212), (5586, 177), (20489, 18779), (11449, 20126), (14244, 16833), (1831, 11959), (16807, 10115), (4961, 1018), (10575, 17598), (19544, 16293), (16903, 20596), (17560, 8207), (7711, 9811), (14552, 992), (10987, 1764), (18183, 8901), (480, 20914), (1986, 6803), (19367, 22013), (7537, 2425), (17768, 19214), (12762, 2560), (13535, 21359), (10530, 7634), (17912, 7319), (9966, 6605), (18211, 19518), (5931, 7740), (13446, 15412), (4356, 16359), (11637, 13737), (8288, 4920), (377, 18007), (19446, 20475), (2360, 9722), (6424, 19817), (9287, 5554), (18223, 2419), (6539, 21096), (18856, 20007), (17927, 20683), (19429, 13915), (12511, 6085), (3748, 894), (4889, 16648), (7103, 5251), (9259, 20692), (18848, 22385), (10584, 8912), (17585, 11603), (1137, 3592), (1987, 17313), (10790, 10020), (12849, 8336), (593, 12654), (7845, 6230), (17272, 16936), (7007, 24192), (8359, 8275), (13530, 22041), (5426, 137), (11417, 21114), (19791, 16921), (5008, 16195), (20136, 11915), (9011, 8859), (655, 2865), (20686, 20461), (11624, 7606), (7169, 15324), (11826, 5080), (12761, 20826), (10537, 8741), (18638, 23612), (354, 543), (14963, 16848), (8238, 9835), (1393, 2030), (17227, 24519), (11899, 16911), (6742, 2964), (125, 21305), (17286, 10883), (2007, 7413), (18561, 18959), (13079, 19960), (15016, 8567), (5843, 6306), (17837, 18225), (4115, 3409), (9870, 17357), (18404, 12923), (10812, 13348), (15418, 8126), (16634, 9121), (4188, 14596), (7489, 18528), (9253, 5037), (4719, 6201), (14950, 9614), (4451, 1419), (763, 1406), (1131, 24280), (7332, 4187), (14716, 19201), (7047, 367), (15822, 6330), (16311, 10610), (15600, 11313), (20528, 23534), (6637, 24015), (15395, 4105), (15303, 6377), (19684, 21382), (19576, 14389), (14675, 9861), (12048, 11826), (17774, 4960), (3695, 20962), (572, 7364), (10458, 2114), (379, 12024), (11410, 278), (238, 4064), (8006, 10497), (96, 23973), (13776, 10811), (4051, 15346), (17052, 484), (11512, 9095), (11468, 2891), (20734, 21908), (7070, 1485), (4710, 21559), (18604, 11152), (7872, 1772), (2397, 21905), (1752, 3815), (10783, 18941), (19839, 8346), (20349, 10741), (10855, 5207), (3990, 11712), (4312, 6011), (15462, 21847), (5944, 15933), (4284, 11464), (10755, 14399), (20515, 15528), (9089, 11972), (9494, 24337), (19784, 13491), (9194, 2833), (1836, 12855), (5280, 21451), (15753, 4642), (2786, 22762), (12267, 6805), (9626, 2475), (541, 19744), (6486, 11210), (4647, 11576), (6104, 1290), (15702, 8370), (7763, 4440), (8217, 16129), (7195, 19042), (5649, 24214), (11433, 7722), (7585, 1441), (18751, 152), (3930, 1027), (7152, 12787), (848, 19862), (10472, 19970), (8732, 8999), (5661, 10125), (8699, 4332), (4856, 211), (17010, 14928), (1843, 8694), (1536, 24277), (15479, 23899), (15033, 12036), (9983, 17938), (1389, 2658), (1923, 19859), (9677, 4935), (1117, 8577), (16172, 5737), (17703, 16017), (20109, 10469), (12544, 2141), (1672, 3323), (2435, 386), (4223, 14483), (3326, 1503), (6860, 10688), (13939, 4205), (7312, 5484), (15341, 7561), (4360, 6834), (19922, 16236), (17093, 19843)]
Standard algorithm is selected
Read Graphs time: 0.00034999847412109375
Iter num: 1
seed size = 330
Seed are expanded
Correct = 344, Wrong = 56
Correct = 351, Wrong = 449
Correct = 358, Wrong = 842
Correct = 374, Wrong = 1226
Correct = 384, Wrong = 1616
Correct = 398, Wrong = 2002
Correct = 403, Wrong = 2397
Correct = 408, Wrong = 2792
Correct = 417, Wrong = 3183
Correct = 421, Wrong = 3579
Correct = 421, Wrong = 3979
Correct = 434, Wrong = 4366
Correct = 435, Wrong = 4765
In progress... (6251430)
[5000] select the unmatched pair [9104,6087]
score map size = 21730045
Correct = 444, Wrong = 5156
Correct = 454, Wrong = 5546
Correct = 463, Wrong = 5937
Correct = 466, Wrong = 6334
Correct = 470, Wrong = 6730
Correct = 484, Wrong = 7116
Correct = 487, Wrong = 7513
Correct = 494, Wrong = 7906
Correct = 503, Wrong = 8297
Correct = 505, Wrong = 8695
Correct = 511, Wrong = 9089
Correct = 512, Wrong = 9488
Finish with inactive_pairs
Extended seed size:  294922
Iter num: 2
seed size = 294922
Seed are expanded
In progress... (465639)
[10000] select the unmatched pair [11583,1556]
score map size = 24152884
Correct = 513, Wrong = 9887
Correct = 513, Wrong = 10287
Correct = 514, Wrong = 10686
Correct = 517, Wrong = 11083
Correct = 518, Wrong = 11482
Correct = 518, Wrong = 11882
Correct = 519, Wrong = 12281
Correct = 519, Wrong = 12681
Correct = 522, Wrong = 13078
Correct = 522, Wrong = 13478
Correct = 523, Wrong = 13877
Finish with inactive_pairs
Extended seed size:  2316
Iter num: 3
seed size = 2316
Seed are expanded
Correct = 523, Wrong = 14277
Finish with inactive_pairs
Extended seed size:  2
Iter num: 4
seed size = 2
Seed are expanded
Finish with inactive_pairs
Extended seed size:  0
Execution time: 317.17324018478394
------RESULT-------
	for lN = 20794, rN = 24800, |seed_0| = 330
	MATCHED =  14806
		CORRECT = 523; WRONG = 14283
	Recall = 0.025151
	Precision = 0.035324
	F1-score = 0.029382
