/home/ildar/diplom/graphmatching/data/inst_lid_rid.csv
IGRAPH UN-- 20794 240414 -- 
+ attr: name (v)
/home/ildar/diplom/graphmatching/data/vk_lid_rid.csv
IGRAPH UN-- 24800 463468 -- 
+ attr: name (v)
[(9153, 15767), (5593, 6783), (2622, 11721), (7508, 24470), (4831, 11498), (5800, 5700), (3210, 8571), (10780, 10235), (3663, 12630), (14449, 740), (1507, 2705), (6287, 22352), (6157, 11414), (5584, 6982), (4378, 1197), (18677, 9763), (12458, 4595), (11968, 17295), (7900, 16946), (4020, 1118), (8996, 16634), (13753, 16713), (15134, 16635), (13749, 2750), (12091, 9083), (9440, 8700), (18877, 10450), (3104, 1326), (6799, 12882), (8312, 3406), (10035, 12691), (15629, 5888), (2603, 5247), (18976, 22275), (2917, 5455), (8827, 24056), (19576, 14389), (3724, 3497), (2660, 10228), (18312, 4978), (13548, 3806), (10197, 2291), (15453, 1215), (15411, 9252), (8573, 6948), (4591, 7349), (13086, 19168), (7820, 1247), (16061, 21588), (7832, 5216), (8273, 18706), (13475, 5399), (18483, 13792), (12443, 11260), (20280, 9996), (12048, 11826), (10098, 23421), (17884, 11521), (2920, 11492), (14530, 19769), (11759, 11670), (19627, 14814), (17040, 18124), (19366, 22536), (4745, 21330), (254, 12152), (14317, 14253), (2152, 20024), (6197, 3600), (20436, 15834), (10464, 23304), (4157, 6468), (4425, 11363), (15888, 15684), (1620, 988), (3912, 10129), (4802, 19669), (12092, 2169), (9086, 8559), (13648, 3474), (19772, 11027), (204, 236), (186, 16859), (8614, 21335), (15210, 14824), (9649, 10189), (1795, 804), (15184, 11575), (12363, 6992), (5510, 20066), (8390, 20955), (20346, 18441), (13944, 15430), (8518, 2904), (17238, 22628), (18984, 8280), (17111, 19277), (6491, 8389), (12138, 23296), (17923, 11356), (9689, 23845), (5134, 22931), (10086, 7721), (13560, 6637), (19017, 4995), (9872, 13696), (10065, 20776), (17373, 15009), (17265, 15877), (17637, 8557), (17559, 15097), (19085, 13463), (8880, 23315), (16127, 12403), (16136, 3276), (11488, 10452), (15086, 5313), (3206, 15211), (12640, 14310), (1907, 20274), (18092, 24271), (20773, 14654), (17586, 11602), (7034, 19131), (6505, 5665), (510, 10426), (4608, 5761), (1559, 2131), (15495, 3488), (15257, 4635), (19841, 18021), (4757, 20598), (4233, 3845), (2190, 6802), (18803, 11296), (13043, 11727), (11408, 24431), (1344, 2877), (9308, 24553), (4438, 4688), (14761, 16513), (19653, 6958), (3520, 5143), (17168, 20674), (834, 22015), (3651, 3926), (13994, 12346), (15968, 5267), (15896, 20294), (14148, 23220), (3205, 23367), (1236, 19674), (11108, 13598), (1270, 1242), (14529, 12863), (10941, 12698), (2316, 770), (8448, 10301), (17062, 7702), (13763, 5132), (14257, 3529), (636, 19977), (17179, 8943), (10017, 18940), (15844, 17607), (6330, 578), (15479, 23899), (2158, 8875), (2443, 370), (6112, 8578), (2161, 13633), (11068, 22967), (9879, 8486), (8664, 12489), (14247, 21750), (20193, 18183), (10884, 20842), (2458, 368), (13000, 15118), (1256, 19653), (11235, 9173), (18385, 2606), (3686, 20710), (15534, 17066), (17626, 19216), (8483, 17479), (2432, 14985), (9534, 709), (18904, 12309), (9233, 20045), (13520, 18633), (1111, 22576), (10711, 13494), (14306, 20827), (717, 188), (8765, 21219), (10055, 24478), (10404, 22809), (12802, 6378), (7977, 9471), (6243, 5512), (534, 3437), (13622, 12542), (5541, 21411), (10309, 17950), (17165, 11167), (14946, 7944), (5335, 14065), (10648, 12697), (128, 4543), (14390, 5652), (4894, 1337), (14578, 7690), (15018, 5547), (9565, 9370), (4636, 19339), (16153, 9373), (8458, 13965), (1388, 2810), (13857, 12189), (9911, 22858), (3478, 19551), (2148, 18691), (18794, 12261), (7382, 5300), (8999, 17787), (7261, 15081), (12640, 14310), (1566, 5836), (277, 6896), (17346, 4252), (5906, 13602), (14475, 2344), (16264, 24395), (17625, 23376), (16564, 13151), (12398, 1668), (9751, 24189), (19786, 16797), (18672, 19895), (9872, 13696), (1410, 1796), (14892, 24696), (6703, 24318), (18710, 15742), (18242, 870), (14333, 9318), (148, 1931), (7079, 18813), (16501, 5269), (19777, 15529), (14751, 7699), (18143, 17858), (391, 3490), (10949, 20275), (10476, 14437), (14999, 14551), (2868, 1591), (6250, 1576), (17138, 4873), (5737, 4030), (14391, 7877), (8732, 8999), (4922, 14086), (5502, 7989), (6178, 2409), (7055, 6110), (4549, 6189), (18082, 10049), (12938, 13022), (2684, 365), (14684, 18560), (20121, 16014), (18704, 23022), (4145, 20403), (5006, 12714), (16813, 17823), (12862, 5660), (9793, 8663), (8490, 10485), (15519, 1101), (18312, 4978), (11870, 14562), (16897, 10700), (893, 23493), (18009, 7543), (7259, 20171), (15216, 5776), (7672, 22805), (14813, 3219), (12123, 4234), (10504, 14710), (1334, 23247), (16911, 9727), (2841, 12595), (687, 11690), (2897, 6208), (700, 4809), (6015, 8683), (11589, 23506), (8043, 24780), (11853, 20860), (17062, 7702), (11661, 17562), (10076, 5602), (20331, 9934), (3966, 12529), (19067, 16460), (7663, 5892), (20657, 10526), (17766, 20984), (20453, 15344), (4508, 17215), (20298, 15557), (16060, 16412), (17127, 16734), (14993, 13235), (262, 6487), (12429, 22246), (15580, 17686), (7672, 22805), (17806, 1134), (2887, 671), (7499, 7099), (3677, 22570), (7082, 52), (13876, 12674), (16908, 2753), (11436, 12817), (9431, 1139), (3069, 17247), (17806, 1134), (2302, 22727), (20375, 16266), (1983, 22807), (6721, 4827), (8821, 16875), (921, 1910), (6014, 2988), (10470, 4528), (17003, 10902), (5461, 14992), (20708, 5288), (15668, 11267), (2956, 20098), (18383, 22765), (3294, 2645), (8228, 20798), (3640, 14097), (8746, 10855), (1840, 19528), (2216, 19566), (18455, 21792), (18157, 7047), (6672, 2765), (16346, 15971), (4262, 5964), (4989, 19365), (10653, 9992), (14630, 16824), (3767, 14557), (18099, 14631), (10345, 1549), (18305, 15882), (19622, 15182), (3689, 18305), (13714, 3094), (5835, 11295), (1783, 244), (6009, 21949), (1031, 12091), (689, 7750), (8294, 18029), (2867, 13430), (9611, 4289), (17264, 8946), (20119, 20236), (18169, 194), (8705, 16059), (13230, 8710), (4135, 18755), (4549, 6189), (1946, 4601), (20659, 8735), (17211, 21759), (3483, 765), (2853, 16575), (4628, 18263), (6786, 8967), (5702, 201), (13795, 15846), (2838, 19035), (15147, 5351), (17992, 22684), (14280, 15640), (1517, 10058), (14157, 195), (1265, 6053), (20762, 17505), (6064, 1329), (5211, 23107), (847, 2768), (16492, 7789), (19053, 18223), (3932, 7742), (17138, 4873), (59, 2157), (284, 20135), (1373, 3059), (6510, 21722), (1722, 17016), (20647, 10064), (12673, 1950), (10900, 7826), (9210, 6414), (10195, 12103), (3535, 23686), (3597, 9107), (9026, 11892), (7706, 6393)]
Standard algorithm is selected
Read Graphs time: 0.00035119056701660156
Iter num: 1
seed size = 420
Seed are expanded
Correct = 423, Wrong = 377
Correct = 424, Wrong = 776
Correct = 429, Wrong = 1171
Correct = 437, Wrong = 1563
Correct = 438, Wrong = 1962
Correct = 442, Wrong = 2358
Correct = 450, Wrong = 2750
Correct = 453, Wrong = 3147
Correct = 460, Wrong = 3540
Correct = 468, Wrong = 3932
Correct = 471, Wrong = 4329
Correct = 476, Wrong = 4724
In progress... (6229568)
[5000] select the unmatched pair [4022,13100]
score map size = 21532771
Correct = 487, Wrong = 5113
Correct = 495, Wrong = 5505
Correct = 501, Wrong = 5899
Correct = 503, Wrong = 6297
Correct = 514, Wrong = 6686
Correct = 521, Wrong = 7079
Correct = 522, Wrong = 7478
Correct = 523, Wrong = 7877
Correct = 528, Wrong = 8272
Correct = 534, Wrong = 8666
Correct = 538, Wrong = 9062
Correct = 538, Wrong = 9462
Finish with inactive_pairs
Extended seed size:  302479
Iter num: 2
seed size = 302479
Seed are expanded
Correct = 538, Wrong = 9862
In progress... (562521)
[10000] select the unmatched pair [17584,19000]
score map size = 23894175
Correct = 539, Wrong = 10261
Correct = 539, Wrong = 10661
Correct = 540, Wrong = 11060
Correct = 540, Wrong = 11460
Correct = 541, Wrong = 11859
Correct = 543, Wrong = 12257
Correct = 545, Wrong = 12655
Correct = 546, Wrong = 13054
Correct = 548, Wrong = 13452
Correct = 551, Wrong = 13849
Correct = 551, Wrong = 14249
Finish with inactive_pairs
Extended seed size:  2230
Iter num: 3
seed size = 2230
Seed are expanded
Finish with inactive_pairs
Extended seed size:  10
Iter num: 4
seed size = 10
Seed are expanded
Finish with inactive_pairs
Extended seed size:  0
Execution time: 336.8952269554138
------RESULT-------
	for lN = 20794, rN = 24800, |seed_0| = 420
	MATCHED =  14899
		CORRECT = 551; WRONG = 14348
	Recall = 0.026498
	Precision = 0.036982
	F1-score = 0.030874
