/home/ildar/diplom/graphmatching/data/inst_lid_rid.csv
IGRAPH UN-- 20794 240414 -- 
+ attr: name (v)
/home/ildar/diplom/graphmatching/data/vk_lid_rid.csv
IGRAPH UN-- 24800 463468 -- 
+ attr: name (v)
[(14212, 11245), (226, 20456), (16102, 7656), (5675, 8654), (15366, 19559), (13018, 6915), (8467, 7394), (4585, 13889), (5002, 24144), (2460, 3979), (3358, 12666), (18118, 16045), (13463, 4125), (9924, 22885), (14090, 13378), (1417, 3032), (1625, 3013), (2300, 13634), (19157, 768), (16927, 14488), (1334, 23247), (8187, 11788), (18413, 5769), (14215, 5353), (3823, 22146), (13273, 15992), (1540, 2466), (5384, 1055), (3590, 23800), (7951, 2488), (12068, 7932), (18646, 13489), (11362, 17848), (18707, 17862), (15920, 22848), (194, 504), (3813, 678), (15716, 4043), (17692, 5062), (17270, 13444), (13144, 18856), (8138, 12242), (4765, 15871), (15030, 20639), (3352, 7434), (9655, 22544), (8353, 7016), (11625, 13106), (7902, 19117), (1589, 14438), (5280, 21451), (12011, 8482), (5262, 132), (20110, 17265), (13538, 24604), (4488, 21680), (2780, 6680), (10799, 6159), (9321, 43), (17831, 7793), (10432, 5755), (5267, 1122), (11377, 18254), (11619, 5273), (2799, 7410), (14665, 3296), (9977, 17730), (16023, 24653), (8292, 15966), (3645, 3096), (17679, 11273), (6062, 6719), (12825, 478), (7380, 5500), (4608, 5761), (12113, 9885), (16487, 8242), (7246, 20976), (18119, 6726), (19675, 14665), (1065, 4056), (2719, 646), (7882, 5614), (13571, 11098), (14429, 19973), (809, 20079), (9898, 1464), (644, 21103), (16153, 9373), (18125, 7798), (12909, 2611), (5744, 3773), (18984, 8280), (7432, 21761), (12025, 14387), (2176, 17264), (16511, 21841), (2870, 24724), (1953, 20162), (12895, 8503), (16285, 21418), (3091, 621), (20611, 17423), (3590, 23800), (12885, 3085), (11482, 24035), (4505, 1622), (4750, 1152), (12204, 22846), (17082, 11179), (12929, 3304), (8321, 12116), (7238, 7762), (17654, 11434), (7848, 5916), (18798, 6439), (6806, 1335), (12118, 20743), (5177, 16952), (431, 19864), (9150, 5054), (6073, 7499), (15534, 17066), (8330, 19338), (6943, 21077), (1155, 20510), (3095, 11989), (6922, 17057), (18625, 14955), (8440, 24440), (15608, 5246), (17988, 10623), (12342, 855), (14163, 19957), (3578, 21686), (7181, 15919), (14081, 9898), (11393, 3976), (13184, 23099), (12085, 6077), (3850, 2508), (257, 21141), (6794, 4794), (4957, 3898), (16683, 17316), (7587, 8646), (17393, 12175), (18109, 22751), (955, 23749), (1521, 8201), (15617, 14714), (4102, 1311), (590, 7454), (19371, 22187), (14382, 9668), (12635, 7017), (16242, 12745), (4353, 24474), (5378, 20030), (976, 7679), (4467, 16339), (18796, 21740), (19854, 15968), (14733, 5495), (10183, 21755), (1058, 2184), (3045, 20143), (5833, 14664), (15972, 13272), (17694, 12679), (15732, 6161), (12644, 3838), (8667, 8211), (2320, 23964), (6994, 13605), (11791, 23019), (15073, 14393), (1008, 6669), (11455, 20161), (14390, 5652), (10465, 7450), (2135, 12619), (19711, 15593), (18173, 16380), (15725, 9876), (18507, 7619), (9781, 13807), (31, 22085), (9242, 12653), (19902, 14277), (16948, 17854), (12845, 3247), (10124, 5099), (19685, 23008), (10776, 1165), (1516, 1860), (16926, 12896), (19654, 18320), (445, 19513), (15945, 23469), (13821, 24243), (11593, 13200), (10912, 2573), (6015, 8683), (3830, 12978), (3143, 2202), (15012, 3942), (1252, 4994), (10639, 14883), (3155, 1877), (15821, 17277), (10891, 5252), (6992, 7575), (2894, 5292), (2865, 22870), (1240, 18615), (8450, 7332), (6349, 1205), (18020, 7355), (6258, 1837), (3194, 633), (1886, 19261), (8711, 22280), (16790, 14174), (3886, 8529), (13803, 8603), (10861, 7898), (18153, 17336), (11151, 14266), (9068, 12356), (6310, 9644), (2109, 19616), (11037, 24250), (7148, 8786), (2545, 3892), (8390, 20955), (13881, 4967), (20054, 13073), (18902, 3630), (7165, 15106), (1778, 10289), (16376, 22593), (20744, 22049), (8930, 8856), (2859, 20699), (4280, 20548), (4412, 2874), (19401, 14997), (7552, 14700), (15017, 3680), (4531, 7859), (8751, 20311), (6224, 16369), (6024, 13701), (16935, 17350), (19320, 13836), (7919, 12937), (10813, 2638), (12860, 22340), (19592, 20011), (2943, 17903), (16493, 20401), (19763, 10535), (16987, 9981), (16780, 21846), (13396, 13613), (14317, 14253), (10979, 21113), (16198, 10922), (920, 19541), (13002, 22898), (1165, 23980), (19264, 20757), (2259, 3717), (4133, 24638), (11347, 5599), (7585, 1441), (472, 5624), (4686, 21381), (11991, 23680), (6955, 13625), (19874, 19350), (534, 3437), (13745, 4077), (18245, 15780), (11273, 5657), (2232, 12980), (7439, 13803), (16805, 9669), (586, 19656), (13684, 5995), (2774, 1407), (384, 3788), (651, 18832), (6965, 3348), (16950, 8172), (1707, 20284), (18067, 9400), (13635, 5545), (18039, 14586), (2919, 11490), (4798, 18886), (19158, 23971), (20294, 16066), (3450, 9537), (6317, 8403), (9139, 20195), (19447, 17546), (18973, 16424), (13587, 13329), (6200, 13033), (10174, 8221), (10425, 24421), (4913, 1036), (840, 15991), (1779, 21568), (13472, 5173), (20004, 22875), (11937, 1751), (3378, 16902), (4691, 16996), (930, 3679), (16445, 397), (8644, 22552), (5968, 15022), (15365, 19385), (20616, 117), (18803, 11296), (7560, 3840), (17357, 14016), (9528, 7122), (7408, 6509), (15422, 15997), (10943, 16681), (2179, 20474), (3748, 894), (1209, 20469), (9467, 13468), (9569, 2493), (16747, 17321), (1549, 3563), (16586, 2211), (19870, 17828), (17772, 22052), (12714, 2235), (10410, 8850), (3990, 11712), (19383, 7653), (17993, 22683), (7380, 5500), (17867, 3757), (9329, 19695), (7689, 18975), (6306, 18377), (19114, 8742), (9140, 5638), (5299, 23994), (6084, 2284), (13640, 22714), (10915, 1672), (3021, 5997), (9690, 20662), (11473, 18995), (20134, 24425), (18415, 10886), (18152, 16131), (8545, 7870), (1177, 1584), (4723, 1421), (16464, 3196), (657, 2886), (5770, 17615), (5830, 11824), (15100, 15091), (2946, 20936), (19666, 17574), (4146, 7337), (15566, 2601), (18692, 13871), (12517, 853), (9851, 13730), (12165, 12706), (8320, 10113), (9468, 603), (15040, 13391), (18039, 14586), (4956, 10750), (15614, 9917), (18024, 4493), (20033, 11803), (9975, 17138), (4825, 19330), (9876, 6060), (118, 18955), (2243, 8294), (7848, 5916), (3373, 881), (9140, 5638), (9903, 19039), (14585, 15809)]
Standard algorithm is selected
Read Graphs time: 0.00037670135498046875
Iter num: 1
seed size = 400
Seed are expanded
Correct = 397, Wrong = 3
Correct = 399, Wrong = 401
Correct = 402, Wrong = 798
Correct = 404, Wrong = 1196
Correct = 406, Wrong = 1594
Correct = 409, Wrong = 1991
Correct = 413, Wrong = 2387
Correct = 415, Wrong = 2785
Correct = 416, Wrong = 3184
Correct = 418, Wrong = 3582
Correct = 420, Wrong = 3980
Correct = 425, Wrong = 4375
Correct = 429, Wrong = 4771
In progress... (6158779)
[5000] select the unmatched pair [5684,15516]
score map size = 21123205
Correct = 430, Wrong = 5170
Correct = 431, Wrong = 5569
Correct = 431, Wrong = 5969
Correct = 431, Wrong = 6369
Correct = 431, Wrong = 6769
Correct = 432, Wrong = 7168
Correct = 446, Wrong = 7554
Correct = 448, Wrong = 7952
Correct = 449, Wrong = 8351
Correct = 449, Wrong = 8751
Correct = 449, Wrong = 9151
Correct = 451, Wrong = 9549
Finish with inactive_pairs
Extended seed size:  290260
Iter num: 2
seed size = 290260
Seed are expanded
In progress... (388069)
[10000] select the unmatched pair [6100,16888]
score map size = 23508687
Correct = 454, Wrong = 9946
Correct = 457, Wrong = 10343
Correct = 459, Wrong = 10741
Correct = 459, Wrong = 11141
Correct = 459, Wrong = 11541
Correct = 459, Wrong = 11941
Correct = 459, Wrong = 12341
Correct = 460, Wrong = 12740
Correct = 460, Wrong = 13140
Correct = 460, Wrong = 13540
Correct = 461, Wrong = 13939
Correct = 462, Wrong = 14338
Finish with inactive_pairs
Extended seed size:  2548
Iter num: 3
seed size = 2548
Seed are expanded
Finish with inactive_pairs
Extended seed size:  20
Iter num: 4
seed size = 20
Seed are expanded
Finish with inactive_pairs
Extended seed size:  0
Execution time: 308.6716024875641
------RESULT-------
	for lN = 20794, rN = 24800, |seed_0| = 400
	MATCHED =  14867
		CORRECT = 462; WRONG = 14405
	Recall = 0.022218
	Precision = 0.031076
	F1-score = 0.025911
