/home/ildar/diplom/graphmatching/data/inst_lid_rid.csv
IGRAPH UN-- 20794 240414 -- 
+ attr: name (v)
/home/ildar/diplom/graphmatching/data/vk_lid_rid.csv
IGRAPH UN-- 24800 463468 -- 
+ attr: name (v)
[(5386, 10003), (18285, 17796), (74, 568), (4405, 24347), (13382, 12318), (9413, 7644), (10688, 20228), (13233, 5318), (4685, 16764), (13458, 16348), (7141, 13516), (6285, 14930), (3572, 17489), (5389, 17002), (10593, 5213), (20328, 21762), (11877, 298), (13412, 13152), (9550, 11229), (1323, 514), (4772, 7445), (6075, 13058), (11214, 14430), (18512, 20193), (804, 4600), (1718, 14813), (13158, 23130), (16106, 22080), (6998, 7572), (13422, 1324), (9306, 22569), (3130, 19212), (7368, 4851), (13233, 5318), (17744, 11780), (9700, 18890), (13812, 13497), (13596, 685), (17279, 13324), (19634, 7503), (13971, 13732), (9694, 7375), (18497, 23668), (14713, 4943), (20497, 19424), (154, 1026), (13743, 14276), (12105, 14135), (15915, 7423), (11757, 9998), (18788, 13909), (8715, 21229), (5017, 7406), (10357, 12767), (10462, 16778), (5169, 7861), (12528, 24628), (2114, 9293), (9514, 950), (11992, 9579), (14670, 22934), (6608, 5079), (10303, 14140), (6140, 8643), (6097, 20619), (13056, 20259), (14437, 20673), (2624, 758), (9952, 15057), (17160, 4643), (17341, 9629), (13553, 10930), (11877, 298), (664, 24763), (11333, 4869), (15949, 24024), (8166, 12647), (9457, 8678), (3875, 20025), (16248, 6305), (7475, 20382), (14699, 10087), (2904, 23538), (3718, 24267), (19498, 17259), (18547, 15808), (19484, 3839), (4384, 16692), (3392, 3935), (6981, 6252), (4638, 20321), (11432, 11726), (17118, 9158), (11016, 16305), (17340, 22145), (16269, 5370), (5696, 8366), (8895, 7476), (17342, 9707), (11831, 24341), (18948, 13825), (698, 9600), (2483, 23883), (508, 2005), (12116, 20043), (17758, 15833), (3583, 20279), (9701, 1288), (15110, 13265), (14729, 15426), (17409, 7091), (16467, 11351), (20553, 21565), (10903, 3358), (15607, 17042), (3443, 2435), (13986, 22245), (6591, 333), (5739, 18436), (6686, 1882), (8198, 3370), (4825, 19330), (6109, 24126), (11716, 8920), (3279, 17163), (16158, 14278), (14841, 7803), (5308, 3114), (5039, 21075), (10205, 24508), (7152, 12787), (20788, 11832), (13298, 1308), (13792, 23189), (11847, 3820), (6006, 5201), (19592, 20011), (15239, 10525), (8181, 24635), (20025, 19964), (19894, 7706), (3854, 22248), (8642, 8909), (761, 20616), (1299, 525), (3999, 232), (8649, 8448), (18500, 20748), (4713, 19756), (4448, 13474), (11868, 17304), (2798, 9256), (10719, 14076), (11873, 24316), (15160, 24244), (13314, 15099), (10159, 14960), (14499, 11275), (7225, 19301), (6424, 19817), (5461, 14992), (16118, 16685), (101, 2831), (220, 1415), (14751, 7699), (20512, 21528), (14194, 17019), (15746, 7219), (5745, 4544), (16232, 23259), (13179, 12848), (11224, 9410), (17830, 19348), (20692, 18742), (18312, 4978), (18708, 19947), (6679, 6676), (13434, 11708), (14596, 6923), (18763, 17220), (19818, 5376), (5488, 5879), (500, 21354), (16038, 9380), (16633, 10075), (10549, 9658), (6000, 19059), (11220, 8148), (15760, 14726), (17968, 14536), (16294, 15495), (12862, 5660), (600, 14961), (10621, 11415), (10310, 107), (11164, 9339), (16166, 3002), (18672, 19895), (13857, 12189), (5025, 21964), (10190, 17418), (18141, 15771), (12820, 11917), (9847, 1742), (12373, 12140), (15620, 8152), (18542, 4175), (11070, 23595), (9740, 15744), (13335, 24018), (8788, 5632), (1900, 9597), (14749, 7467), (7562, 24006), (2132, 12231), (17370, 24475), (19725, 10458), (18953, 13230), (303, 13791), (10239, 9178), (6386, 19644), (10413, 240), (18680, 10336), (20247, 17683), (3165, 787), (11578, 644), (9947, 20480), (19659, 19241), (13276, 14103), (14061, 20855), (6390, 21039), (15796, 12692), (19381, 15950), (11554, 21152), (19318, 22242), (20651, 15281), (16589, 16202), (17761, 18148), (4544, 7292), (17346, 4252), (20710, 15186), (4780, 9155), (17702, 10076), (16585, 17132), (15900, 6856), (2013, 21410), (1588, 17893), (18890, 12880), (5235, 6774), (19726, 18336), (15398, 17520), (11266, 24030), (5123, 18620), (17656, 14939), (6081, 3966), (4468, 6042), (3939, 4327), (5393, 7664), (202, 264), (15711, 21728), (1455, 11540), (15664, 15523), (13210, 6233), (4802, 19669), (19829, 6641), (16021, 17980), (290, 17618), (1499, 15576), (15399, 3716), (8339, 5077), (1223, 10841), (9671, 20337), (9330, 20530), (12425, 1212), (7683, 21870), (2144, 866), (11660, 24721), (10843, 178), (2470, 696), (18261, 13161), (11140, 24577), (11402, 7866), (15968, 5267), (9269, 6892), (1012, 21149), (2142, 13385), (17406, 15179), (7969, 5627), (16586, 2211), (6536, 14743), (6093, 8028), (17939, 15874), (14110, 21703), (19474, 13441), (16913, 18764), (15665, 1301), (18584, 13764), (8324, 8635), (16616, 18724), (13007, 8830), (15110, 13265), (3661, 12625), (15704, 12744), (8691, 9897), (13299, 6483), (4575, 16312), (19197, 9056), (13610, 3162), (19010, 3360), (12381, 14828), (9214, 13018), (15172, 560), (1524, 6825), (20420, 9295), (2216, 19566), (4213, 19253), (4548, 12287), (10576, 19008), (19396, 15386), (11771, 11425), (8584, 21166), (11108, 13598), (12457, 10158), (2670, 19271), (16000, 4415), (1709, 1273), (16318, 21552), (15694, 20528), (4883, 11362), (11866, 19784), (4146, 7337), (16578, 8908), (8695, 24017), (17395, 4070), (5660, 13876), (479, 8984), (10189, 6125), (19615, 11652), (7858, 10367), (14077, 4938), (14255, 4648), (13508, 24226), (3673, 22670), (18989, 18050), (2262, 1229), (10931, 3214), (20262, 17309), (12365, 21705), (394, 7936), (12172, 4519), (16500, 15199), (16949, 10557), (8031, 7295), (2778, 458), (12869, 10127), (19598, 7051), (12909, 2611), (222, 4500), (10862, 11358), (4360, 6834), (16177, 16363), (5267, 1122), (15975, 8657), (6661, 14978), (15779, 11413), (15186, 13184), (17093, 19843), (18403, 18530), (17610, 15435), (10752, 10511), (8175, 4945), (333, 4487), (18849, 9896), (9713, 1698), (7982, 9698), (10612, 2327), (850, 1833), (787, 7817), (15353, 20805), (5645, 1774), (20397, 4053), (1045, 20829), (3335, 20070), (6243, 5512), (18267, 22667), (2230, 20479), (1769, 4011), (6339, 10573), (9344, 4224), (9765, 9437), (1987, 17313), (13767, 6549), (7451, 1194), (4334, 5111), (4150, 5036), (2758, 8353), (14851, 12293), (10534, 8950), (12620, 18031), (16889, 23167), (17468, 1211), (3653, 11334), (11110, 13599), (15246, 17662), (3295, 24011), (10995, 24062), (947, 19683), (18156, 15854), (13109, 4081), (8273, 18706), (11317, 19077), (2203, 24585), (20049, 11127), (2773, 11537), (1065, 4056), (13500, 23873), (5963, 19232), (15210, 14824), (3619, 10046), (10905, 4262), (18488, 4830), (12521, 4598), (15524, 16384), (18964, 8338), (238, 4064), (14267, 16105), (782, 16880), (14598, 10711), (11900, 2341), (3647, 2802), (20386, 5116), (16755, 23467), (16981, 17317), (12629, 24438), (14992, 12761), (13865, 17769), (8158, 4383), (5625, 3508), (2211, 21030), (10931, 3214), (878, 5393), (7672, 22805), (19541, 4207), (12584, 17040), (12276, 23091), (10683, 19442), (20490, 17720), (10305, 10236), (2148, 18691), (16515, 7695), (9966, 6605), (18337, 24460), (10686, 19759), (19687, 20320), (3722, 3688), (15877, 1385), (7873, 4184), (7224, 11112), (10538, 23280), (16924, 7519), (10066, 13839), (13318, 22582), (5996, 15066), (6179, 8085), (1516, 1860), (19716, 18853), (1876, 11864), (18302, 12673), (4870, 5527), (7593, 10816), (4729, 22308), (7498, 16749), (14684, 18560), (8835, 17137), (1659, 3800), (8422, 22435), (20683, 11543), (8179, 5777), (16337, 9553), (14221, 15743), (16382, 15242), (12661, 7481), (1138, 21027), (19764, 22598), (780, 22198), (5795, 4849), (1300, 754), (12010, 2094), (8940, 22214), (1829, 659), (20181, 20537), (2673, 5190), (13538, 24604), (8989, 3803), (9866, 4590), (9695, 5331), (386, 4457), (6452, 14265), (16437, 4201), (15125, 24159)]
Standard algorithm is selected
Read Graphs time: 0.0004029273986816406
Iter num: 1
seed size = 500
Seed are expanded
Correct = 506, Wrong = 294
Correct = 509, Wrong = 691
Correct = 513, Wrong = 1087
Correct = 518, Wrong = 1482
Correct = 524, Wrong = 1876
Correct = 530, Wrong = 2270
Correct = 534, Wrong = 2666
Correct = 540, Wrong = 3060
Correct = 548, Wrong = 3452
Correct = 554, Wrong = 3846
Correct = 558, Wrong = 4242
Correct = 564, Wrong = 4636
In progress... (6363954)
[5000] select the unmatched pair [9247,5795]
score map size = 21709141
Correct = 567, Wrong = 5033
Correct = 573, Wrong = 5427
Correct = 574, Wrong = 5826
Correct = 576, Wrong = 6224
Correct = 578, Wrong = 6622
Correct = 579, Wrong = 7021
Correct = 595, Wrong = 7405
Correct = 597, Wrong = 7803
Correct = 605, Wrong = 8195
Correct = 610, Wrong = 8590
Correct = 622, Wrong = 8978
Correct = 627, Wrong = 9373
Correct = 633, Wrong = 9767
Finish with inactive_pairs
Extended seed size:  275013
Iter num: 2
seed size = 275013
Seed are expanded
In progress... (321432)
[10000] select the unmatched pair [6020,20913]
score map size = 23667161
Correct = 640, Wrong = 10160
Correct = 644, Wrong = 10556
Correct = 650, Wrong = 10950
Correct = 656, Wrong = 11344
Correct = 657, Wrong = 11743
Correct = 658, Wrong = 12142
Correct = 663, Wrong = 12537
Correct = 667, Wrong = 12933
Correct = 672, Wrong = 13328
Correct = 674, Wrong = 13726
Finish with inactive_pairs
Extended seed size:  2410
Iter num: 3
seed size = 2410
Seed are expanded
Finish with inactive_pairs
Extended seed size:  9
Iter num: 4
seed size = 9
Seed are expanded
Finish with inactive_pairs
Extended seed size:  0
Execution time: 321.35055708885193
------RESULT-------
	for lN = 20794, rN = 24800, |seed_0| = 500
	MATCHED =  14770
		CORRECT = 674; WRONG = 14096
	Recall = 0.032413
	Precision = 0.045633
	F1-score = 0.037903
