/home/ildar/diplom/graphmatching/data/inst_lid_rid.csv
IGRAPH UN-- 20794 240414 -- 
+ attr: name (v)
/home/ildar/diplom/graphmatching/data/vk_lid_rid.csv
IGRAPH UN-- 24800 463468 -- 
+ attr: name (v)
[(2131, 23372), (9003, 21939), (19672, 18557), (10413, 240), (7037, 4575), (2449, 23840), (11533, 19407), (5448, 14571), (10855, 5207), (1364, 9975), (6127, 15715), (2977, 617), (10886, 20831), (5712, 10128), (20061, 17996), (8711, 22280), (12553, 4029), (1935, 7843), (4818, 3625), (9073, 9344), (3873, 20385), (10578, 19933), (383, 7718), (18847, 18513), (14128, 22673), (8488, 20376), (9861, 7904), (8905, 460), (7674, 12002), (19303, 12747), (20268, 23291), (19214, 17145), (17311, 21563), (384, 3788), (2672, 95), (15215, 24758), (16537, 1816), (2013, 21410), (11916, 9217), (5374, 1469), (15736, 2699), (14986, 23203), (6132, 20268), (767, 5219), (18826, 15961), (18553, 161), (2670, 19271), (1024, 7281), (3447, 6724), (5329, 3232), (12177, 4389), (8367, 2743), (19113, 22698), (5254, 12829), (6513, 22367), (12308, 7226), (16704, 14601), (17440, 4302), (2700, 7255), (4191, 5151), (19676, 19118), (2341, 3931), (4532, 11400), (19095, 23381), (3192, 10197), (5160, 10959), (2419, 13789), (16178, 5107), (4276, 3601), (17185, 6614), (12526, 12385), (1993, 19768), (909, 8052), (10506, 1093), (4967, 6317), (11379, 18919), (18698, 16169), (3932, 7742), (8027, 12158), (8226, 20505), (11156, 5994), (13271, 16522), (9705, 9280), (11459, 18998), (8783, 2936), (16336, 24749), (20562, 16973), (15707, 12370), (17882, 20261), (17543, 12213), (2022, 22446), (13840, 12398), (7377, 3596), (11330, 2122), (2758, 8353), (19925, 8524), (8753, 22054), (13827, 21954), (4960, 17674), (18467, 21832), (19392, 12876), (7628, 12752), (15774, 11494), (9111, 16693), (337, 8149), (16178, 5107), (5782, 6044), (7495, 24095), (19554, 4462), (17170, 8423), (1620, 988), (9707, 1550), (14477, 11374), (621, 15680), (6770, 4538), (11906, 8820), (14894, 15500), (14801, 6571), (10207, 20646), (5701, 1516), (9981, 20727), (4841, 15575), (10856, 5115), (5584, 6982), (7309, 3491), (14459, 17464), (4579, 20368), (12087, 14040), (13188, 21085), (2408, 7048), (12932, 16642), (1962, 7074), (14789, 12518), (10797, 2313), (8380, 4479), (2865, 22870), (6190, 9309), (7373, 4325), (16630, 411), (8188, 9267), (4318, 1477), (9630, 4304), (2121, 3486), (1624, 1937), (7182, 21869), (17131, 14412), (14179, 14297), (13132, 24420), (14371, 9091), (15549, 12383), (10243, 17812), (1436, 401), (110, 2112), (17240, 21885), (523, 4833), (14637, 11264), (16474, 13168), (20659, 8735), (5840, 18746), (20442, 13257), (13931, 4914), (12840, 19030), (7874, 9680), (10225, 24292), (10372, 15259), (17599, 9543), (7547, 6036), (10720, 19531), (18768, 15813), (1970, 3131)]
Standard algorithm is selected
Read Graphs time: 0.00025463104248046875
Iter num: 1
seed size = 170
Seed are expanded
Correct = 171, Wrong = 229
Correct = 172, Wrong = 628
Correct = 172, Wrong = 1028
Correct = 172, Wrong = 1428
Correct = 172, Wrong = 1828
Correct = 172, Wrong = 2228
Correct = 174, Wrong = 2626
Correct = 174, Wrong = 3026
Correct = 174, Wrong = 3426
Correct = 174, Wrong = 3826
Correct = 174, Wrong = 4226
Correct = 174, Wrong = 4626
In progress... (6119693)
[5000] select the unmatched pair [476,1601]
score map size = 21526620
Correct = 174, Wrong = 5026
Correct = 174, Wrong = 5426
Correct = 175, Wrong = 5825
Correct = 175, Wrong = 6225
Correct = 175, Wrong = 6625
Correct = 176, Wrong = 7024
Correct = 178, Wrong = 7422
Correct = 178, Wrong = 7822
Correct = 179, Wrong = 8221
Correct = 180, Wrong = 8620
Correct = 180, Wrong = 9020
Correct = 181, Wrong = 9419
Finish with inactive_pairs
Extended seed size:  314099
Iter num: 2
seed size = 314099
Seed are expanded
Correct = 184, Wrong = 9816
In progress... (509151)
[10000] select the unmatched pair [14466,13912]
score map size = 24219821
Correct = 185, Wrong = 10215
Correct = 185, Wrong = 10615
Correct = 186, Wrong = 11014
Correct = 188, Wrong = 11412
Correct = 188, Wrong = 11812
Correct = 188, Wrong = 12212
Correct = 188, Wrong = 12612
Correct = 188, Wrong = 13012
Correct = 189, Wrong = 13411
Correct = 189, Wrong = 13811
Correct = 189, Wrong = 14211
Finish with inactive_pairs
Extended seed size:  2813
Iter num: 3
seed size = 2813
Seed are expanded
Correct = 189, Wrong = 14611
Finish with inactive_pairs
Extended seed size:  6
Iter num: 4
seed size = 6
Seed are expanded
Finish with inactive_pairs
Extended seed size:  0
Execution time: 318.8195016384125
------RESULT-------
	for lN = 20794, rN = 24800, |seed_0| = 170
	MATCHED =  14814
		CORRECT = 189; WRONG = 14625
	Recall = 0.009089
	Precision = 0.012758
	F1-score = 0.010616
