/home/ildar/diplom/graphmatching/data/inst_lid_rid.csv
IGRAPH UN-- 20794 240414 -- 
+ attr: name (v)
/home/ildar/diplom/graphmatching/data/vk_lid_rid.csv
IGRAPH UN-- 24800 463468 -- 
+ attr: name (v)
{(2801, 22098), (19472, 14591), (20582, 16038), (4791, 3787), (11989, 22945), (11737, 7608), (13811, 5511), (19647, 21935), (17761, 18148), (14868, 13822), (12239, 4789), (10832, 18268), (693, 197), (77, 23979), (10899, 9205), (1934, 8982), (2508, 686), (2459, 338), (14211, 21057), (12597, 22397), (11548, 1315), (398, 20507), (11472, 6581), (17812, 15558), (20108, 10493), (17672, 10746), (16971, 2960), (12434, 14671), (87, 18658), (10576, 19008), (10842, 16452), (7139, 17594), (5000, 6703), (3548, 133), (7533, 6391), (11577, 11403), (6923, 22763), (7579, 2785), (15931, 18645), (1490, 1241), (1373, 3059), (9457, 8678), (4647, 11576), (7821, 13189), (14141, 22165), (12173, 24603), (11500, 19750), (1813, 21087), (2023, 3856), (12432, 11855), (3392, 3935), (20077, 2846), (5499, 7525), (775, 22461), (11088, 589), (12559, 21105), (12664, 5897), (2285, 4417), (20552, 13283), (1764, 6140), (19371, 22187), (16154, 21044), (8922, 1495), (12762, 2560), (19214, 17145), (2055, 18982), (771, 24213), (20018, 15219), (3018, 20477), (17149, 18084), (5830, 11824), (3848, 3034), (18203, 15389), (16131, 10939), (9172, 11866), (20300, 18401), (8544, 9497), (6244, 10788), (11692, 11020), (3124, 12651), (4813, 12178), (10823, 5194), (11402, 7866), (12841, 6425), (452, 18473), (3691, 21803), (98, 616), (480, 20914), (18351, 15423), (15900, 6856), (17957, 6350), (4689, 18527), (12231, 10719), (2439, 362), (10880, 12351), (13265, 11642), (6345, 7812), (3714, 14971), (10407, 14999), (9784, 10), (18245, 15780), (18463, 9126), (654, 16830), (19590, 14652), (2517, 9463), (15387, 18316), (2857, 21136), (19251, 16556), (10153, 24772), (15436, 7856), (2820, 405), (12099, 9872), (8653, 19476), (9256, 18160), (18366, 2046), (18112, 3906), (16859, 12995), (4053, 12435), (18678, 23038), (9633, 9717), (18447, 10454), (10459, 5466), (11413, 23317), (605, 21577), (8087, 221), (14165, 18327), (7482, 18847), (19044, 17114), (7526, 3412), (3982, 922), (18961, 11651), (2492, 8975), (1315, 23750), (10103, 20257), (2256, 20155), (15747, 19529), (4736, 6059), (15672, 24756), (15309, 14635), (16005, 13439), (17312, 21562), (4317, 10824), (10520, 12604), (475, 16590), (3744, 12130), (19583, 5850), (19030, 24782), (7395, 11634), (11005, 9454), (17581, 2100), (499, 15764), (16109, 13397), (10805, 9336), (3155, 1877), (19325, 22833), (1064, 3030), (15968, 5267), (4918, 1038), (2279, 1156), (9207, 6409), (1568, 21808), (11003, 24484), (1564, 3982), (3650, 6097), (11835, 1431), (16482, 12061), (1554, 566), (17752, 9448), (12803, 24623), (2851, 11244), (11, 6725), (785, 23146), (3858, 19832), (7018, 4208), (6209, 3322), (11107, 22772), (13247, 10586), (8690, 9895), (13228, 5573), (1107, 18329), (14992, 12761), (17131, 14412), (9778, 11956), (16129, 5441), (12573, 9275), (14672, 18988), (16840, 9933), (15177, 12079), (16709, 14060), (8279, 15773), (898, 19222), (12271, 424), (17054, 24272), (17709, 17832), (5168, 24212), (4523, 23669), (16779, 17621), (9851, 13730), (17319, 8829), (569, 11368), (12340, 20443), (2522, 24722), (13384, 3897), (12661, 7481), (5573, 5823), (16605, 3559), (13263, 15063), (5122, 2462), (3402, 20531), (193, 4017), (6979, 2066), (19038, 14314), (14162, 13725), (1818, 2961), (14626, 13410), (13069, 318), (16854, 18140), (20211, 14100), (8959, 2332), (1433, 8618), (12023, 3294), (1281, 5400), (15655, 13071), (2495, 14738), (12771, 21421), (18909, 3837), (57, 6675), (11680, 14669), (16890, 14716), (2170, 4040), (7820, 1247), (10463, 13784), (11544, 12802), (7916, 8043), (3683, 19763), (16380, 4301), (11075, 6791), (19534, 3427), (16773, 7421), (5667, 17637), (14064, 1798), (11190, 16057), (3250, 141), (20570, 18267), (10352, 3493), (14789, 12518), (17630, 15843), (12144, 19849), (14031, 1396), (18174, 119), (668, 6345), (11918, 24237), (16329, 20439), (11994, 19625), (20572, 22504), (274, 14983), (5225, 21968), (16965, 2585), (20568, 22381), (3253, 15824), (14030, 13388), (18282, 13684), (9720, 14102), (18751, 152), (5485, 2762), (6241, 7316), (2920, 11492), (15224, 12575), (19901, 21937), (8409, 7453), (1123, 11084), (9046, 2678), (580, 20452), (12464, 13692), (137, 4151), (13104, 10070), (11421, 20546), (17488, 21786), (17941, 16784), (4129, 6602), (102, 2540), (16876, 22410), (6429, 3791), (17048, 6133), (15349, 9394), (11553, 21278), (6200, 13033), (6704, 11595), (13080, 19816), (9190, 10310), (160, 3929), (14823, 7590), (5858, 22206), (20463, 23584), (5684, 21950), (17671, 10745), (7368, 4851), (10416, 5824), (17738, 91), (2769, 23895), (5459, 7169), (19965, 2044), (3493, 12004), (3262, 14976), (3165, 787), (2405, 6886), (16889, 23167), (14086, 4129), (17821, 14207), (7538, 9435), (11499, 24195), (457, 19651), (17833, 20951), (10344, 1065), (4269, 2196), (7880, 21232), (19580, 17388), (19206, 14106), (17758, 15833), (3441, 8773), (18363, 5912), (1388, 2810), (4023, 3869), (19060, 16285), (10024, 7582), (5531, 9925), (1417, 3032), (7220, 612), (17632, 8445), (8043, 24780), (8074, 5122), (5476, 4608), (20133, 11428), (15791, 16990), (14877, 14134), (11205, 12468), (17127, 16734), (8364, 7838), (3507, 18285), (316, 21888), (15868, 8485), (3504, 19275), (14168, 23720), (862, 3471), (7509, 12559), (6178, 2409), (11722, 8592), (13973, 9591), (16713, 15606), (20417, 16974), (10630, 4597), (1950, 16383), (7761, 7511), (4339, 8128), (16681, 12645), (13072, 20889), (16576, 22621), (8180, 2958), (14569, 9260), (16175, 14417), (11613, 14042), (13513, 9389), (14112, 24098), (13545, 923), (8328, 7439), (14738, 9657), (11621, 10155), (13119, 1843), (17463, 13046), (6974, 24727), (14033, 1812), (448, 3079), (15660, 6757), (7339, 6621), (1046, 22217), (13927, 10149), (8090, 21608), (17516, 13682), (5055, 19511), (7066, 1706), (13905, 16122), (18247, 24371), (1862, 21609), (19018, 2078), (10976, 11637), (11227, 3470), (20116, 642), (5654, 20529), (2971, 1958), (9638, 9886), (14941, 23702), (14694, 24706), (10626, 12387), (11038, 5744), (17831, 7793), (12677, 12758), (10158, 10286), (17444, 12021), (6546, 5855), (4505, 1622), (10265, 5264), (10100, 2937), (19271, 12911), (12299, 6411), (10618, 7162), (12258, 2943), (3157, 2242), (20639, 4303), (5103, 10986), (9874, 2330), (10992, 14688), (20495, 22408), (14565, 17391), (12269, 15623), (5913, 13231), (17136, 2872), (4301, 10239), (19282, 15425), (3701, 5336), (17867, 3757), (8859, 17914), (8241, 5350), (11600, 22218), (1597, 19304), (12641, 20314), (10869, 15286), (9500, 3351), (17981, 23092), (12745, 7689), (18851, 14091), (11799, 14423), (15132, 10870), (8601, 21627), (14319, 1992), (17513, 13681), (284, 20135), (20352, 18600), (18660, 23179), (4798, 18886), (9142, 6947), (14665, 3296), (10474, 7390), (7003, 20762), (6066, 6257), (11478, 16196), (17353, 13776), (15325, 20140), (6823, 18864), (15519, 1101), (6232, 6830), (5137, 16503), (17137, 9498), (19656, 8806), (15537, 16474), (6783, 1322), (9635, 22757), (18244, 6365), (4676, 18909), (4830, 7418), (5445, 17791), (632, 4263), (14781, 15912), (9561, 1683), (10105, 21977), (20340, 17515), (4919, 1044), (9418, 8184), (18096, 15682), (20604, 18900), (2229, 21375), (3805, 13165), (2173, 2744), (12120, 12269), (2115, 14778), (16367, 20046), (1994, 11900), (3137, 23412), (8866, 17124), (9510, 13459), (17996, 14114), (7641, 3997), (2283, 81), (11360, 11157), (18757, 8190), (10034, 6712), (9007, 10718), (12042, 17465), (14638, 7930), (12723, 6924), (20265, 22814), (16398, 11319), (16231, 456), (15182, 3357), (8273, 18706), (4017, 6792), (9214, 13018), (15386, 18286), (11148, 14062), (10116, 3347), (4645, 13771), (7493, 16868), (7244, 20972), (44, 3333), (18783, 22476), (17772, 22052), (624, 14293), (11666, 13522), (19246, 19293), (11147, 3654), (20516, 23645), (1812, 8378), (11622, 8996), (14365, 14374), (8161, 21465), (5201, 4668), (19439, 2647), (11404, 4218), (7232, 844), (1810, 17191), (6634, 2613), (20627, 11862), (30, 11582), (3224, 4065), (11863, 6521), (12925, 20252), (11103, 9352), (16395, 23972), (18505, 2036), (14178, 6889), (1801, 22830), (7216, 5546), (10601, 24200), (9033, 284), (16392, 3945), (3901, 20278), (20575, 14742), (15267, 11762), (1524, 6825), (14748, 24686), (12848, 10996), (15497, 13042), (5677, 4009), (665, 10101), (4229, 19767), (19829, 6641), (5902, 1762), (7931, 14594), (16820, 15280), (13034, 19075), (1830, 23204), (2447, 23894), (7344, 19305), (12521, 4598), (9681, 3156), (6915, 2069), (7971, 5621), (6970, 1541), (14683, 14289), (479, 8984), (2099, 3267), (11605, 4517), (16434, 11154), (1979, 16804), (2659, 22311), (5273, 5384), (9158, 19084), (16083, 11222), (15075, 23598), (20086, 10517), (10563, 14424), (6322, 4343), (4000, 8609), (17959, 10645), (10858, 17483), (8455, 13967), (3098, 11502), (19446, 20475), (4400, 1922), (8875, 17149), (20012, 6277), (3938, 3594), (6267, 6737), (4477, 11853), (9222, 5014), (15185, 9211), (5985, 14476), (12018, 15983), (17778, 1976), (8683, 1084), (12695, 9193), (16473, 17184), (9872, 13696), (12343, 12303), (3864, 23159), (9161, 5105), (18803, 11296), (4662, 11366), (2237, 13561), (8393, 7347), (20197, 9719), (13338, 3602), (4263, 21812), (16295, 19011), (147, 1874), (18735, 16044), (10993, 20146), (534, 3437), (8985, 22847), (6021, 15467), (5997, 7353), (4079, 20035), (4592, 22110), (17539, 6017), (2278, 12992), (13436, 14998), (8280, 6224), (12444, 10140), (17881, 4429), (11817, 9464), (3247, 6597), (8368, 22315), (9892, 19132), (4531, 7859), (9485, 7949), (7634, 19151), (20695, 18702), (7397, 14650), (585, 16997), (20580, 5492), (18032, 1426), (6990, 20136), (11868, 17304), (11077, 4611), (8264, 7811), (199, 4149), (308, 7065), (6806, 1335), (13843, 3302), (4525, 13859), (14761, 16513), (16412, 23388), (8048, 13025), (20290, 14208), (15285, 11716), (20288, 23455), (7377, 3596), (9362, 19103), (3953, 1435), (11858, 1086), (19674, 16972), (16342, 23838), (19420, 21157), (3771, 8349), (2685, 18547), (10580, 5953), (8022, 11667), (737, 7749), (12441, 12737), (11625, 13106), (17293, 13545), (12178, 9109), (5562, 11475), (18583, 14919), (11974, 11516), (12211, 8260), (2450, 20465), (8530, 1296), (4511, 19127), (4984, 21186), (16617, 17170), (18740, 19162), (7892, 23266), (3179, 12642), (16461, 19087), (17157, 16856), (5212, 18479), (6355, 9273), (4601, 13473), (17877, 9808), (3050, 20663), (18167, 8940), (13596, 685), (4796, 23674), (17037, 17429), (3318, 3221), (2642, 10484), (13219, 12825), (18510, 16863), (14685, 11187), (20454, 15174), (3055, 23043), (13346, 16136), (204, 236), (1334, 23247), (10106, 20290), (4603, 18602), (7913, 13553), (9825, 10410), (8093, 16697), (20751, 18277), (5437, 13306), (14725, 9335), (7072, 4808), (433, 11995), (8777, 3662), (7089, 11303), (20046, 15026), (8569, 5305), (11030, 2661), (10544, 23252), (15372, 9847), (256, 15511), (18527, 13916), (14263, 13124), (18442, 11269), (13961, 8527), (14757, 15046), (13681, 3741), (17086, 24233), (11738, 4182), (18665, 14614), (1948, 20648), (16970, 10927), (12490, 2706), (6398, 18661), (16467, 11351), (17955, 3921), (15732, 6161), (5428, 10510), (8711, 22280), (10081, 4694), (2318, 1875), (5849, 1069), (18612, 5148), (863, 15437), (16318, 21552), (11260, 15092), (14740, 4073), (4579, 20368), (12873, 14342), (9225, 9132), (15513, 13532), (14755, 6466), (6887, 3726), (20173, 7244), (20328, 21762), (20302, 23155), (10080, 11801), (20526, 13881), (12362, 14182), (6938, 5661), (18233, 16268), (1811, 1605), (18399, 11478), (6510, 21722), (2181, 15407), (8228, 20798), (18435, 19227), (5608, 4132), (7616, 16598), (11745, 5142), (7813, 19242), (10684, 20638), (19562, 14986), (18273, 15510), (10966, 5901), (6102, 16566), (18033, 16929), (16917, 3460), (8460, 13963), (5348, 14229), (7651, 9575), (19188, 5828), (10941, 12698), (17121, 12225), (10699, 19693), (20437, 17113), (3641, 22864), (16470, 21293), (2284, 19417), (212, 6686), (1581, 19749), (1982, 6742), (8565, 22468), (845, 6535), (434, 15571), (9481, 13540), (11864, 1921), (7590, 11916), (18992, 14445), (14754, 17712), (19126, 11256), (7630, 16953), (4212, 21439), (14763, 14519), (6617, 8756), (5877, 14033), (9712, 1395), (6188, 4042), (8211, 2388), (8964, 11101), (6415, 15798), (1105, 9512), (2697, 9187), (11828, 22974), (10355, 14523), (18682, 12159), (13457, 17282), (15192, 15747), (5166, 7194), (16241, 11704), (19861, 10501), (1325, 9639), (6317, 8403), (8005, 8662), (6405, 16188), (4988, 10828), (18642, 10423), (2558, 18540), (2496, 23897), (18160, 5097), (17894, 13436), (788, 1025), (18144, 22322), (14743, 18324), (5727, 438), (13853, 8023), (17470, 12479), (8894, 12881), (5243, 5829), (20440, 18209), (19034, 21904), (2906, 19661), (12980, 22916), (1614, 11529), (4537, 24009), (14577, 15831), (1853, 5137), (8259, 9327), (15076, 8796), (3984, 9067), (7999, 50), (7316, 12735), (558, 11513), (19957, 20994), (7483, 20243), (19006, 16726), (14088, 3305), (17854, 18108), (20766, 19050), (19777, 15529), (950, 11805), (2854, 19254), (15944, 18898), (10559, 19298), (19080, 18322), (5704, 1658), (11950, 3083), (18599, 16245), (2710, 5848), (6536, 14743), (8876, 20795), (7572, 13258), (4370, 21117), (10150, 11063), (15656, 13842), (2046, 3705), (14379, 6610), (4104, 4229), (12927, 23135), (11599, 8880), (893, 23493), (2702, 1739), (13715, 13535), (179, 5503), (13878, 24529), (3205, 23367), (16251, 15084), (16282, 5289), (12829, 10283), (15741, 3510), (9650, 7878), (9032, 5256), (5639, 8348), (17888, 18846), (276, 7556), (3159, 18834), (20720, 11335), (18182, 21614), (19556, 13226), (17850, 11694), (7435, 8049), (2638, 23536), (1470, 698), (2619, 6520), (8311, 18984), (5083, 12934), (3735, 8173), (16759, 22567), (11947, 1805), (9815, 2468), (19639, 3454), (12241, 11593), (7419, 4667), (2785, 2519), (19389, 13139), (20759, 18385), (10739, 9114), (18648, 10130), (4250, 13116), (3855, 7146), (6788, 24558), (3013, 665), (19824, 14959), (9651, 1704), (12763, 1824), (15074, 19593), (1384, 1238), (12217, 134), (18951, 16100), (10915, 1672), (928, 18922), (6712, 12962), (11612, 21408), (1544, 3793), (15677, 7021), (5734, 11569), (7628, 12752), (12385, 6366), (11940, 15774), (19105, 17089), (15907, 475), (19144, 18351), (17993, 22683), (639, 5160), (12864, 12751), (17725, 14355), (20220, 1117), (16575, 12553), (1274, 7741), (20551, 21976), (966, 5088), (10877, 10261), (13332, 16512), (4438, 4688), (6902, 9253), (19738, 15458), (14424, 21496), (7717, 17844), (9455, 4092), (14256, 4591), (12957, 974), (1693, 15023), (5546, 22876), (3498, 16732), (15850, 16233), (16861, 15185), (530, 2752), (89, 1936), (17150, 13923), (6031, 3715), (16363, 2143), (19050, 19922), (8490, 10485), (2715, 15697), (19856, 24391), (385, 9375), (15431, 22729), (13025, 703), (6980, 1895), (1986, 6803), (18887, 23642), (4935, 10427), (19028, 3425), (10007, 4759), (9875, 20836), (13133, 2192), (14815, 14092), (7021, 20647), (17053, 5943), (13201, 8121), (15136, 13823), (4088, 8492), (18600, 7953), (92, 634), (2413, 7860), (20149, 19239), (4277, 3986), (10412, 9878), (7201, 5844), (15133, 2107), (7123, 8853), (12255, 23850), (2978, 19428), (18113, 67), (11057, 24115), (14229, 8410), (3657, 16493), (15274, 14451), (12811, 8995), (15336, 5822), (4026, 21448), (2345, 3645), (2417, 22253), (15645, 7504), (15042, 8538), (4494, 715), (9961, 16608), (3914, 23301), (11623, 9568), (9160, 652), (3917, 23438), (5906, 13602), (3501, 21711), (4350, 4296), (13103, 7484), (9664, 9520), (453, 17850), (18604, 11152), (13274, 4912), (12087, 14040), (414, 6168), (18679, 11186), (10663, 21961), (14955, 22566), (15608, 5246), (7132, 13407), (20550, 21385), (9038, 11850), (6269, 10141), (20198, 20360), (16331, 2533), (1200, 23652), (15020, 10279), (10186, 11091), (14451, 5551), (10945, 16677), (11353, 15566), (4402, 6312), (20382, 16324), (73, 179), (19485, 24698), (2465, 352), (6111, 23886), (12202, 4844), (14068, 17159), (14855, 2219), (19657, 23320), (3305, 21830), (14736, 5543)}
Standard algorithm is selected
Initial seed len 1050
Read Graphs time: 0.0007252693176269531
Iter num: 1
seed size = 1050
Seed are expanded
Correct = 1067, Wrong = 133
Correct = 1084, Wrong = 516
Correct = 1153, Wrong = 847
Correct = 1227, Wrong = 1173
Correct = 1264, Wrong = 1536
Correct = 1387, Wrong = 1813
Correct = 1488, Wrong = 2112
Correct = 1617, Wrong = 2383
Correct = 1749, Wrong = 2651
Correct = 1854, Wrong = 2946
Correct = 1999, Wrong = 3201
Correct = 2136, Wrong = 3464
Correct = 2217, Wrong = 3783
In progress... (9373046)
[5000] select the unmatched pair [4633,7851]
score map size = 20763005
Correct = 2397, Wrong = 4003
Correct = 2509, Wrong = 4291
Correct = 2582, Wrong = 4618
Correct = 2771, Wrong = 4829
Correct = 2902, Wrong = 5098
Correct = 3016, Wrong = 5384
Correct = 3148, Wrong = 5652
Correct = 3201, Wrong = 5999
Correct = 3244, Wrong = 6356
Correct = 3284, Wrong = 6716
Correct = 3420, Wrong = 6980
Correct = 3546, Wrong = 7254
In progress... (2513)
[10000] select the unmatched pair [8829,22385]
score map size = 20968417
Correct = 3619, Wrong = 7581
Correct = 3680, Wrong = 7920
Correct = 3705, Wrong = 8295
Finish with inactive_pairs
Extended seed size:  195924
Iter num: 2
seed size = 195924
Seed are expanded
Correct = 3721, Wrong = 8679
Correct = 3739, Wrong = 9061
Correct = 3749, Wrong = 9451
Correct = 3768, Wrong = 9832
Correct = 3790, Wrong = 10210
Correct = 3813, Wrong = 10587
Correct = 3826, Wrong = 10974
Finish with inactive_pairs
Extended seed size:  1531
Iter num: 3
seed size = 1531
Seed are expanded
Finish with inactive_pairs
Extended seed size:  1
Iter num: 4
seed size = 1
Seed are expanded
Finish with inactive_pairs
Extended seed size:  0
Execution time: 299.67543053627014
------RESULT-------
	for lN = 20794, rN = 24800, |seed_0| = 1050
	MATCHED =  14985
		CORRECT = 3827; WRONG = 11158
	Recall = 0.184043
	Precision = 0.255389
	F1-score = 0.213924
