/home/ildar/diplom/graphmatching/data/inst_lid_rid.csv
IGRAPH UN-- 20794 240414 -- 
+ attr: name (v)
/home/ildar/diplom/graphmatching/data/vk_lid_rid.csv
IGRAPH UN-- 24800 463468 -- 
+ attr: name (v)
[(9783, 10338), (10453, 3751), (14363, 9648), (2931, 17917), (12748, 14457), (8055, 12188), (6491, 8389), (4924, 7816), (16505, 5494), (2660, 10228), (10841, 19073), (893, 23493), (14010, 17245), (2857, 21136), (2602, 19003), (14321, 13063), (15259, 1333), (17451, 15737), (4597, 7464), (2826, 16373), (6172, 5185), (10467, 16418), (19377, 18491), (4048, 13005), (19253, 14831), (18447, 10454), (6355, 9273), (7277, 9138), (7224, 11112), (2818, 12949), (10145, 20903), (11971, 13627), (7131, 4790), (371, 13327), (10699, 19693), (1027, 21147), (10708, 1545), (18535, 5279), (3225, 114), (2320, 23964), (19960, 17842), (20185, 16498), (18380, 17608), (15407, 1439), (18464, 8487), (10676, 5403), (819, 6773), (2402, 19953), (7081, 18728), (17769, 21480), (4977, 7033), (20048, 1998), (14243, 15275), (14604, 6959), (4140, 13559), (10197, 2291), (13048, 7443), (16372, 21718), (17652, 9062), (19483, 9788), (3918, 3341), (1749, 9616), (11546, 15692), (17286, 10883), (18823, 22568), (17112, 22572), (9982, 23877), (14937, 4204), (13217, 14061), (14470, 181), (6222, 11104), (5406, 12609), (4525, 13859), (8527, 15889), (4722, 21182), (226, 20456), (10288, 10318), (4287, 1973), (8965, 5684), (9127, 24740), (13616, 13145), (15327, 10536), (17591, 343), (10592, 319), (9652, 11553), (19864, 15658), (12918, 13603), (17794, 13799), (6374, 3905), (16098, 21319), (7682, 20358), (9513, 968), (2545, 3892), (9852, 18697), (4681, 13406), (19359, 7436), (12046, 3914), (15550, 16907), (10419, 14953), (2351, 4243), (2836, 3874), (4521, 17606), (17506, 13831), (1588, 17893), (2632, 20666), (5956, 11845), (20009, 24757), (16383, 3526), (15660, 6757), (2281, 19435), (20320, 17201), (11703, 7492), (10940, 12699), (16084, 7807), (6842, 19243), (3368, 8790), (10687, 21948), (2002, 5655), (2139, 9643), (723, 2320), (14385, 20506), (1544, 3793), (3954, 6153), (18636, 23508), (19604, 13997), (9326, 19692), (4636, 19339), (13547, 20902), (8431, 8560), (13276, 14103), (17176, 12774), (6760, 1351), (18275, 14379), (11502, 7658), (4647, 11576), (1859, 11831), (2287, 144), (6441, 23727), (103, 1590), (13815, 13948), (7, 18683), (6265, 2867), (1800, 22283), (14869, 15024), (2670, 19271), (19657, 23320), (3015, 7872), (9822, 22977), (6055, 4572), (4116, 17403), (18510, 16863), (10363, 24719), (19768, 11017), (19685, 23008), (20762, 17505), (10594, 6000), (6374, 3905), (19267, 2696), (17753, 23622), (17796, 1574), (3908, 251), (16133, 10872), (10632, 10589), (9531, 2293), (1094, 723), (5635, 22348), (1016, 18048), (10696, 2516), (20114, 15308), (4601, 13473), (2868, 1591), (18792, 5978), (3442, 17126), (6629, 24462), (2678, 8292), (14919, 2021), (3018, 20477), (10897, 3331), (20542, 13425), (9175, 22774), (13588, 4571), (6317, 8403), (15959, 11454), (2037, 9434), (4708, 5989), (4340, 19915), (18317, 4617), (16969, 10528), (17180, 20455), (20719, 18312), (9661, 1539), (13616, 13145), (17218, 17199), (13939, 4205), (9631, 1259), (14254, 20644), (14434, 7155), (3739, 5320), (980, 5516), (18385, 2606), (16998, 15018), (811, 21582), (405, 972), (10880, 12351), (7969, 5627), (5271, 20904), (18829, 3763), (13184, 23099), (14972, 24745), (9884, 6729), (13586, 5797), (11016, 16305), (7472, 3233), (17730, 15116), (20756, 11746), (8911, 9488), (3760, 1979), (20332, 17033), (15541, 20115), (12047, 24613), (1186, 46), (7566, 9819), (4171, 5030), (9383, 21701), (8409, 7453), (20162, 22711), (12499, 14482), (1135, 17096), (18187, 15390), (87, 18658), (3332, 8924), (2163, 13631), (19625, 10487), (5846, 7424), (4421, 14982), (19861, 10501), (7118, 8864), (19269, 8760), (11523, 20318), (1340, 604), (10030, 4095), (10756, 24067), (9323, 14099), (15735, 8835), (15756, 15619), (18134, 2835), (17958, 6348), (2320, 23964), (6119, 24687), (7225, 19301), (18194, 7714), (10748, 8814), (16343, 15848), (9873, 15967), (5316, 18080), (7588, 2619), (16256, 4407), (1152, 11116), (13789, 9769), (18120, 16536), (12624, 6374), (2922, 21264), (621, 15680), (1063, 3855), (2499, 11509), (6394, 23814), (760, 24019), (16511, 21841), (19520, 23556), (16297, 14889), (2968, 24670), (5047, 19503), (20380, 17654), (17103, 3469), (2818, 12949), (9848, 24545), (1316, 16791), (8579, 2234), (12368, 5922), (17231, 5552), (17056, 6071), (20202, 2361), (3672, 19252), (19056, 9787), (15784, 8987), (11644, 12515), (8568, 3246), (15646, 482), (19368, 23837), (8322, 20402), (18333, 9381), (6639, 23959), (14131, 23003), (13002, 22898), (7166, 4771), (12129, 19310), (10182, 24268), (12130, 13927), (9206, 20655), (10132, 6890), (14292, 10793), (19506, 22510), (15339, 13980), (3400, 21619), (1308, 24646), (10225, 24292), (19189, 23415), (20785, 7851), (5902, 1762), (14418, 15698), (9068, 12356), (2706, 1330), (6109, 24126), (18684, 23400), (876, 21228), (16664, 11890), (13304, 17435), (10100, 2937), (7891, 14113), (19332, 5601), (9223, 2977), (20348, 16717), (18558, 13086), (14180, 15723), (9006, 11437), (1659, 3800), (12303, 13011), (5671, 24369), (7231, 5149), (20266, 14233), (16490, 17310), (2308, 18546), (15430, 18866), (6546, 5855), (11183, 6386), (44, 3333), (3965, 4437), (10095, 2969), (1210, 20151), (9175, 22774), (5137, 16503), (8937, 4028), (12273, 22641), (14895, 18065), (16509, 4555), (2171, 18237), (5290, 23798), (19847, 23123), (2354, 22194), (934, 908), (2986, 15663), (11654, 17228), (10513, 3707), (15825, 15567), (14893, 7029), (1607, 6215), (16649, 15601), (15131, 863), (9720, 14102), (2848, 6795), (15932, 503), (20316, 10627), (11001, 8420), (16588, 22665), (1602, 24114), (13986, 22245), (682, 23279), (20700, 14728), (6087, 22107), (15601, 15093), (4494, 715), (13390, 12650), (2961, 6735), (6698, 5435), (4153, 13715), (16017, 14013), (12031, 20867), (2898, 4436), (18558, 13086), (4553, 4693), (19828, 11324), (1630, 5183), (10120, 6633), (16836, 13328), (7228, 13695), (8382, 8539), (442, 11160), (20162, 22711), (20230, 11469), (19633, 13814), (6477, 4898), (13924, 17992), (16665, 18623), (7918, 5316), (66, 279), (5239, 12414), (18569, 13728), (9924, 22885), (5776, 23498), (1593, 22355), (181, 1911), (12837, 2715), (166, 18494), (16036, 21384), (16013, 7675), (10544, 23252), (19436, 16619), (19040, 14501), (18781, 10684), (12095, 7036), (11908, 17792), (11601, 8869), (18883, 21258), (7484, 20390), (17229, 12248), (4185, 3055), (5926, 5141), (18335, 12109), (9226, 4181), (3902, 18468), (14753, 11449), (13431, 6211), (20060, 22528), (18650, 10954), (11729, 20896), (7583, 11536), (10241, 24655), (2262, 1229), (5074, 10302), (15941, 2747), (10076, 5602), (15872, 12406), (2491, 19557), (13287, 2692), (2591, 4393), (17360, 13187), (245, 9203), (3832, 4925), (6718, 1292), (13406, 14686), (10211, 14944), (11588, 8548), (10051, 20884), (4023, 3869), (5991, 14380), (6384, 24164), (16030, 16241), (6561, 966), (7349, 1596), (5503, 18189), (12955, 13794), (15884, 22917), (17356, 15622), (16665, 18623), (18982, 5375), (13606, 15487), (18201, 1391), (6826, 11931), (17537, 19879), (94, 1870), (6614, 9097), (8281, 16318), (12288, 7239), (5696, 8366), (17289, 2871), (9115, 5159), (9068, 12356), (20103, 12210), (2258, 5016), (12060, 2095), (18240, 14141), (1975, 12726), (17589, 21739), (8242, 2283), (17011, 6013), (12546, 12901), (9116, 3531), (10836, 23965), (85, 1876), (5000, 6703), (4511, 19127), (18059, 11188), (9347, 20786), (16225, 13146), (18821, 13576), (12772, 18703), (9708, 16900), (18651, 16948), (4296, 2994), (5027, 17752), (1602, 24114), (4042, 19405), (7377, 3596), (8737, 10713), (15953, 14839), (18378, 12588), (9360, 22061), (17235, 8769), (15513, 13532), (2038, 901), (15386, 18286), (19964, 15582), (4280, 20548), (10462, 16778), (13551, 13679), (506, 21826), (4386, 4274), (11944, 4911), (18036, 22545), (5780, 2955), (3998, 5133), (10545, 21566), (16134, 4453), (15894, 18030), (6927, 105), (8318, 16070), (11586, 8012), (11428, 21142), (9418, 8184), (8692, 12375), (9345, 4219), (1399, 12550), (6234, 6736), (11330, 2122), (2319, 3194), (7088, 16986), (19895, 4375), (6645, 2405), (7895, 20792), (15233, 7387), (11459, 18998), (8564, 20148), (10110, 16888), (15620, 8152), (6518, 11941), (15530, 24363), (5305, 24117), (15091, 16763), (16719, 9911), (3495, 12971), (10161, 18993), (10451, 1268), (8011, 8153), (9776, 13476), (19079, 16320), (6406, 12910), (8812, 4078), (8772, 8761), (6164, 24471), (9768, 293), (19910, 15223), (20128, 8295), (10052, 16096), (14387, 10005), (7635, 3686), (18537, 15399), (10196, 11927), (8170, 8466), (17621, 23476), (18198, 18692), (5177, 16952), (4411, 9818), (12802, 6378), (14416, 12928), (15337, 17704), (25, 20937), (18545, 21996), (11035, 11225), (2906, 19661), (4901, 8212), (6357, 4196), (4395, 19510), (2975, 606), (14497, 16341), (15061, 2034), (19771, 10361), (2122, 12052), (5340, 3617), (14606, 1100), (9475, 12347), (13917, 20736), (10355, 14523), (2217, 2884), (17817, 24064), (20521, 19980), (1620, 988), (18851, 14091), (18756, 4166), (4209, 14356), (8492, 19308), (12954, 11040), (11798, 55), (13364, 19086), (8572, 5532), (6476, 9262), (955, 23749), (18761, 15123), (19720, 4072), (2387, 13155), (8337, 19811), (1442, 1790), (698, 9600), (1632, 4063), (18794, 12261), (869, 13055), (7251, 21333), (2964, 9011), (17798, 18839), (16321, 19368), (923, 5407), (16328, 11889), (4224, 22000), (779, 1943), (9788, 11616), (11696, 1978), (16951, 11347), (8004, 7753), (7002, 24309), (9800, 16230), (8234, 914), (1563, 2328), (4709, 8401), (3395, 9621), (270, 7472), (6911, 23779), (11506, 567), (11051, 2821), (12903, 4626), (16006, 14190), (18998, 8300), (15675, 7698), (17229, 12248), (5300, 820), (2970, 6715), (12101, 22251), (3322, 1586), (6075, 13058), (6232, 6830), (10975, 9117), (10500, 920), (5811, 9316), (17143, 12611), (15326, 12819), (4711, 6721), (3322, 1586), (16521, 10871), (8087, 221), (7423, 3671), (10006, 24326), (9522, 5750), (20682, 16323), (10510, 6206), (9761, 8163), (14793, 12713), (11869, 16898), (10260, 3317), (15784, 8987), (2068, 9300), (15120, 24643), (14850, 23486), (6485, 6667), (10621, 11415), (17061, 15642), (13191, 16671), (19274, 12646), (9561, 1683), (16690, 19245), (1549, 3563), (7534, 23596), (9330, 20530), (11071, 21752), (15527, 12249), (20143, 17539), (18106, 21279), (2241, 1865), (9138, 19680), (12202, 4844), (2794, 12241), (18995, 6526), (310, 10861), (1495, 620), (9302, 4797), (14634, 8759), (2665, 1755), (19407, 18379), (17572, 7681), (13764, 4411), (15523, 14007), (19031, 807), (1444, 17474), (13587, 13329), (17565, 1480), (17295, 1995), (887, 21308), (20608, 7486), (10637, 17102), (4399, 24050), (12100, 7283), (3492, 784), (12062, 11306), (5464, 2764), (7800, 19346), (18435, 19227), (9546, 4066), (15236, 3099), (10760, 5355), (4864, 4422), (11937, 1751), (3175, 5040), (7857, 21550), (11034, 21693), (9950, 7006), (18146, 18144), (4973, 1278), (10635, 16001), (2570, 11450), (9936, 10253), (19661, 17558), (18441, 21529), (1590, 8096), (8215, 1356), (5597, 11038), (9096, 4257), (18067, 9400), (8074, 5122), (2928, 16415), (13993, 12350), (9254, 9018), (385, 9375), (7514, 23364), (4986, 21724), (7346, 755), (4533, 6134), (2047, 3826), (15435, 21757), (8128, 14841), (6834, 3203), (4645, 13771), (14737, 8416), (6015, 8683), (20444, 12488), (3253, 15824), (9040, 23856), (5872, 23549), (17605, 17579), (2373, 712), (3800, 3020), (1564, 3982), (14942, 5773), (11541, 13853), (91, 825), (15671, 14014), (4499, 18976), (20755, 14909), (7538, 9435), (14092, 11290), (12403, 7893), (16896, 14580), (9686, 20476), (2484, 649), (2598, 3269), (11396, 7366), (11853, 20860), (17111, 19277), (14943, 11047), (7525, 7131), (6241, 7316), (2204, 11871), (7128, 2887), (4426, 6137), (8328, 7439), (2773, 11537), (7819, 11571), (12539, 3074), (13228, 5573), (1117, 8577), (9701, 1288), (20519, 17639), (7938, 1428), (4974, 12955), (951, 6220), (10042, 8897), (2238, 3663), (5546, 22876), (15596, 15338), (1918, 8511), (15917, 20365), (12653, 22882), (12458, 4595), (3220, 4540), (17049, 8208), (13307, 23904), (19419, 12162), (19771, 10361), (163, 1647), (3413, 14025), (9621, 6963), (16912, 10919), (14685, 11187), (2990, 2277)]
Standard algorithm is selected
Read Graphs time: 0.0005457401275634766
Iter num: 1
seed size = 800
Seed are expanded
Correct = 793, Wrong = 7
Correct = 807, Wrong = 393
Correct = 815, Wrong = 785
Correct = 836, Wrong = 1164
Correct = 866, Wrong = 1534
Correct = 880, Wrong = 1920
Correct = 911, Wrong = 2289
Correct = 953, Wrong = 2647
Correct = 993, Wrong = 3007
Correct = 1052, Wrong = 3348
Correct = 1090, Wrong = 3710
Correct = 1112, Wrong = 4088
Correct = 1159, Wrong = 4441
In progress... (6359578)
[5000] select the unmatched pair [10764,2275]
score map size = 21193412
Correct = 1185, Wrong = 4815
Correct = 1244, Wrong = 5156
Correct = 1272, Wrong = 5528
Correct = 1303, Wrong = 5897
Correct = 1327, Wrong = 6273
Correct = 1337, Wrong = 6663
Correct = 1404, Wrong = 6996
Correct = 1432, Wrong = 7368
Correct = 1473, Wrong = 7727
Correct = 1508, Wrong = 8092
Correct = 1528, Wrong = 8472
Correct = 1540, Wrong = 8860
In progress... (64)
[10000] select the unmatched pair [12377,9292]
score map size = 21415730
Correct = 1549, Wrong = 9251
Finish with inactive_pairs
Extended seed size:  250044
Iter num: 2
seed size = 250044
Seed are expanded
Correct = 1555, Wrong = 9645
Correct = 1559, Wrong = 10041
Correct = 1564, Wrong = 10436
Correct = 1567, Wrong = 10833
Correct = 1570, Wrong = 11230
Correct = 1576, Wrong = 11624
Correct = 1583, Wrong = 12017
Correct = 1588, Wrong = 12412
Correct = 1598, Wrong = 12802
Correct = 1607, Wrong = 13193
Finish with inactive_pairs
Extended seed size:  2037
Iter num: 3
seed size = 2037
Seed are expanded
Finish with inactive_pairs
Extended seed size:  6
Iter num: 4
seed size = 6
Seed are expanded
Finish with inactive_pairs
Extended seed size:  0
Execution time: 335.2314097881317
------RESULT-------
	for lN = 20794, rN = 24800, |seed_0| = 800
	MATCHED =  15010
		CORRECT = 1607; WRONG = 13403
	Recall = 0.077282
	Precision = 0.107062
	F1-score = 0.089767
