/home/ildar/diplom/graphmatching/data/inst_lid_rid.csv
IGRAPH UN-- 20794 240414 -- 
+ attr: name (v)
/home/ildar/diplom/graphmatching/data/vk_lid_rid.csv
IGRAPH UN-- 24800 463468 -- 
+ attr: name (v)
[(2628, 3318), (18667, 11420), (19955, 16737), (6022, 921), (5591, 11034), (6661, 14978), (3861, 19660), (7100, 4783), (17894, 13436), (3263, 19284), (11169, 6953), (19039, 17673), (9892, 19132), (10883, 20668), (15160, 24244), (4602, 242), (14110, 21703), (3725, 7901), (12700, 3028), (17679, 11273), (7309, 3491), (978, 13449), (11734, 12395), (2527, 18096), (9710, 1741), (10910, 4294), (13486, 15424), (1251, 20728), (18217, 20168), (7046, 3775), (15054, 9429), (6524, 8000), (14899, 8372), (4495, 4550), (463, 7576), (9980, 20040), (5408, 22551), (9469, 4110), (13254, 12224), (2976, 5121), (17741, 14401), (19545, 11759), (4761, 9255), (1626, 6882), (1863, 24169), (7008, 7879), (6567, 24601), (4678, 19672), (11298, 16926), (1409, 1869), (16839, 3337), (2629, 8842), (153, 2556), (6400, 13509), (6438, 22838), (10845, 20091), (1003, 2530), (18757, 8190), (20477, 22376), (424, 15681), (7454, 8923), (14268, 2203), (13657, 21710), (13240, 11680), (4451, 1419), (10812, 13348), (7922, 6864), (694, 11778), (3420, 23018), (7170, 9468), (9552, 24618), (102, 2540), (13549, 20844), (13175, 15943), (17728, 22228), (18364, 11604), (4933, 5215), (15737, 11453), (18984, 8280), (1166, 330), (6115, 16046), (17329, 6718), (14215, 5353), (7743, 3459), (16913, 18764), (19595, 6191), (2276, 6852), (20461, 19140), (18880, 15506), (12460, 9385), (5353, 6978), (13765, 14395), (20490, 17720), (5490, 21387), (11241, 6627), (13998, 6103), (2963, 22487), (1995, 22523), (17429, 7605), (6595, 10600), (19427, 8297), (7616, 16598), (11130, 219), (10953, 18474), (7339, 6621), (12197, 8161), (20263, 990), (12402, 24175), (12523, 1720), (13195, 22800), (19655, 13364), (18902, 3630), (20394, 17968), (13420, 15520), (16941, 18416), (17607, 15690), (16895, 2264), (4983, 2372), (20619, 22138), (12057, 24743), (18317, 4617), (18799, 10893), (13398, 10148), (20092, 23336), (4820, 1286), (14807, 23132), (19247, 15042), (1015, 3007), (9179, 11367), (1781, 22374), (8103, 7181), (12452, 22537), (9681, 3156), (14689, 22891), (13904, 8568), (2453, 465), (9826, 8204), (4107, 18991), (7621, 9570), (11161, 24155)]
Standard algorithm is selected
Read Graphs time: 0.00021767616271972656
Iter num: 1
seed size = 140
Seed are expanded
Correct = 143, Wrong = 257
Correct = 143, Wrong = 657
Correct = 145, Wrong = 1055
Correct = 145, Wrong = 1455
Correct = 146, Wrong = 1854
Correct = 147, Wrong = 2253
Correct = 147, Wrong = 2653
Correct = 147, Wrong = 3053
Correct = 147, Wrong = 3453
Correct = 147, Wrong = 3853
Correct = 147, Wrong = 4253
Correct = 147, Wrong = 4653
In progress... (6134625)
[5000] select the unmatched pair [2642,12600]
score map size = 21375056
Correct = 150, Wrong = 5050
Correct = 151, Wrong = 5449
Correct = 151, Wrong = 5849
Correct = 151, Wrong = 6249
Correct = 151, Wrong = 6649
Correct = 151, Wrong = 7049
Correct = 151, Wrong = 7449
Correct = 151, Wrong = 7849
Correct = 151, Wrong = 8249
Correct = 152, Wrong = 8648
Correct = 152, Wrong = 9048
Correct = 152, Wrong = 9448
Finish with inactive_pairs
Extended seed size:  326341
Iter num: 2
seed size = 326341
Seed are expanded
Correct = 152, Wrong = 9848
In progress... (1133823)
[10000] select the unmatched pair [7140,19114]
score map size = 24438478
Correct = 154, Wrong = 10246
Correct = 154, Wrong = 10646
Correct = 154, Wrong = 11046
Correct = 156, Wrong = 11444
Correct = 156, Wrong = 11844
Correct = 156, Wrong = 12244
Correct = 156, Wrong = 12644
Correct = 157, Wrong = 13043
Correct = 157, Wrong = 13443
Correct = 157, Wrong = 13843
